#
# A fatal error has been detected by the Java Runtime Environment:
#
#  SIGSEGV (0xb) at pc=0x00007fc518bf8199, pid=5826, tid=140484182185728
#
# JRE version: Java(TM) SE Runtime Environment (7.0_80-b15) (build 1.7.0_80-b15)
# Java VM: Java HotSpot(TM) 64-Bit Server VM (24.80-b11 mixed mode linux-amd64 compressed oops)
# Problematic frame:
# j  java.lang.reflect.Constructor.newInstance([Ljava/lang/Object;)Ljava/lang/Object;+79
#
# Failed to write core dump. Core dumps have been disabled. To enable core dumping, try "ulimit -c unlimited" before starting Java again
#
# If you would like to submit a bug report, please visit:
#   http://bugreport.java.com/bugreport/crash.jsp
#

---------------  T H R E A D  ---------------

Current thread (0x00007fc4f8183000):  JavaThread "pool-6-thread-1" [_thread_in_Java, id=5845, stack(0x00007fc505b69000,0x00007fc505c6a000)]

siginfo:si_signo=SIGSEGV: si_errno=0, si_code=1 (SEGV_MAPERR), si_addr=0x000000002418eb71

Registers:
RAX=0x00000000fae50398, RBX=0x0000000000000000, RCX=0x00000000bfcf8d30, RDX=0x000000002418e9e9
RSP=0x00007fc505c683a0, RBP=0x00007fc505c683f8, RSI=0x00007fc505c683b0, RDI=0x00007fc518be01d4
R8 =0x0000000000000001, R9 =0x0000000000000000, R10=0x00007fc521414aa0, R11=0x00007fc505c683b0
R12=0x0000000000000000, R13=0x0000000000000000, R14=0x00007fc505c68418, R15=0x00007fc4f8183000
RIP=0x00007fc518bf8199, EFLAGS=0x0000000000010246, CSGSFS=0x0000000000000033, ERR=0x0000000000000004
  TRAPNO=0x000000000000000e

Top of Stack: (sp=0x00007fc505c683a0)
0x00007fc505c683a0:   00007fc518be08e1 00000000bfe86418
0x00007fc505c683b0:   00000000bfcf8d30 00007fc505c683b8
0x00007fc505c683c0:   00000000fae4e387 00007fc505c68418
0x00007fc505c683d0:   00000000faf2fb10 0000000000000000
0x00007fc505c683e0:   00000000fae4e3a8 0000000000000000
0x00007fc505c683f0:   00007fc505c68410 00007fc505c68460
0x00007fc505c68400:   00007fc518be0233 00000000bfcf8d30
0x00007fc505c68410:   00000000bfe86418 00000000bfc6db20
0x00007fc505c68420:   00007fc505c68420 00000000fb121ef7
0x00007fc505c68430:   00007fc505c684a0 00000000fb122a28
0x00007fc505c68440:   0000000000000000 00000000fb121f50
0x00007fc505c68450:   00007fc505c68410 00007fc505c68480
0x00007fc505c68460:   00007fc505c684e8 00007fc518be0233
0x00007fc505c68470:   0000000000000000 0000000000000000
0x00007fc505c68480:   00000000bfe863f0 00000000bfe863c8
0x00007fc505c68490:   00007fc504f7e000 00000000bfe863f0
0x00007fc505c684a0:   0000000000040000 00007fc505c684a8
0x00007fc505c684b0:   00000000fb117859 00007fc505c68590
0x00007fc505c684c0:   00000000fb11eb40 0000000000000000
0x00007fc505c684d0:   00000000fb117950 00007fc505c68480
0x00007fc505c684e0:   00007fc505c68568 00007fc505c685d8
0x00007fc505c684f0:   00007fc518be0233 0000000000000000
0x00007fc505c68500:   0000000000000000 00000000bfe863f0
0x00007fc505c68510:   0000000000040000 00000000bfe863c8
0x00007fc505c68520:   0000000000040000 0000000000000000
0x00007fc505c68530:   0000000000000000 0000000000000000
0x00007fc505c68540:   0000000000000000 0000000000000000
0x00007fc505c68550:   00007fc504f7e000 0000000000000000
0x00007fc505c68560:   0000000000000001 0000000000040000
0x00007fc505c68570:   00000000bfc69100 0000000000000000
0x00007fc505c68580:   0000000000000000 00000000bfc6d398
0x00007fc505c68590:   00000000bfe86310 00007fc505c68598 

Instructions: (pc=0x00007fc518bf8199)
0x00007fc518bf8179:   49 83 5d 28 00 e9 0e 00 00 00 49 89 55 10 41 be
0x00007fc518bf8189:   01 00 00 00 4d 89 75 18 49 83 c5 30 4c 89 6d e0
0x00007fc518bf8199:   44 8b aa 88 01 00 00 4e 8d ac ea f8 01 00 00 48
0x00007fc518bf81a9:   8d 14 da 49 8b 5d 00 48 3b c3 74 16 48 85 db 0f 

Register to memory mapping:

RAX=0x00000000fae50398 is an oop
{instance class} 
 - klass: {other class}
RBX=0x0000000000000000 is an unknown value
RCX=
[error occurred during error reporting (printing register info), id 0xb]

Stack: [0x00007fc505b69000,0x00007fc505c6a000],  sp=0x00007fc505c683a0,  free space=1020k
Native frames: (J=compiled Java code, j=interpreted, Vv=VM code, C=native code)
j  java.lang.reflect.Constructor.newInstance([Ljava/lang/Object;)Ljava/lang/Object;+79
j  sun.nio.ch.Util.newMappedByteBuffer(IJLjava/io/FileDescriptor;Ljava/lang/Runnable;)Ljava/nio/MappedByteBuffer;+47
j  sun.nio.ch.FileChannelImpl.map(Ljava/nio/channels/FileChannel$MapMode;JJ)Ljava/nio/MappedByteBuffer;+625
j  com.alibaba.middlware.race.util.BTree.writeDisk(Lcom/alibaba/middlware/race/util/MemoryBuffer;)V+44
j  com.alibaba.middlware.race.util.BTree.saveAll(Ljava/io/File;Lcom/alibaba/middlware/race/util/MemoryBuffer;)V+18
j  com.alibaba.middlware.race.util.BTree.saveAll(Ljava/io/File;Lcom/alibaba/middlware/race/util/MemoryBuffer;)V+36
j  com.alibaba.middleware.race.engine.Index.saveIndex(Ljava/io/File;)V+16
j  com.alibaba.middlware.race.util.SaveIndexTask.call()Ljava/lang/Object;+8
j  java.util.concurrent.FutureTask.run()V+42
j  java.util.concurrent.ThreadPoolExecutor.runWorker(Ljava/util/concurrent/ThreadPoolExecutor$Worker;)V+95
j  java.util.concurrent.ThreadPoolExecutor$Worker.run()V+5
j  java.lang.Thread.run()V+11
v  ~StubRoutines::call_stub
V  [libjvm.so+0x6020a5]  JavaCalls::call_helper(JavaValue*, methodHandle*, JavaCallArguments*, Thread*)+0x365
V  [libjvm.so+0x600b08]  JavaCalls::call(JavaValue*, methodHandle, JavaCallArguments*, Thread*)+0x28
V  [libjvm.so+0x600dd7]  JavaCalls::call_virtual(JavaValue*, KlassHandle, Symbol*, Symbol*, JavaCallArguments*, Thread*)+0x197
V  [libjvm.so+0x600ef7]  JavaCalls::call_virtual(JavaValue*, Handle, KlassHandle, Symbol*, Symbol*, Thread*)+0x47
V  [libjvm.so+0x67f8d5]  thread_entry(JavaThread*, Thread*)+0xe5
V  [libjvm.so+0x95bfff]  JavaThread::thread_main_inner()+0xdf
V  [libjvm.so+0x95c105]  JavaThread::run()+0xf5
V  [libjvm.so+0x8238c8]  java_start(Thread*)+0x108


---------------  P R O C E S S  ---------------

Java Threads: ( => current thread )
  0x00007fc51c0ef800 JavaThread "Thread-5" [_thread_in_Java, id=5849, stack(0x00007fc50543e000,0x00007fc50553f000)]
  0x00007fc51c0ee000 JavaThread "Thread-4" [_thread_in_Java, id=5848, stack(0x00007fc50553f000,0x00007fc505640000)]
  0x00007fc51c0ec800 JavaThread "Thread-3" [_thread_in_Java, id=5847, stack(0x00007fc505c6a000,0x00007fc505d6b000)]
  0x00007fc4f0001800 JavaThread "pool-6-thread-2" [_thread_blocked, id=5846, stack(0x00007fc505a68000,0x00007fc505b69000)]
=>0x00007fc4f8183000 JavaThread "pool-6-thread-1" [_thread_in_Java, id=5845, stack(0x00007fc505b69000,0x00007fc505c6a000)]
  0x00007fc51c08c800 JavaThread "Service Thread" daemon [_thread_blocked, id=5838, stack(0x00007fc505e6c000,0x00007fc505f6d000)]
  0x00007fc51c08a000 JavaThread "C2 CompilerThread1" daemon [_thread_in_native, id=5837, stack(0x00007fc505f6d000,0x00007fc50606e000)]
  0x00007fc51c088000 JavaThread "C2 CompilerThread0" daemon [_thread_in_native, id=5836, stack(0x00007fc50606e000,0x00007fc50616f000)]
  0x00007fc51c085800 JavaThread "Signal Dispatcher" daemon [_thread_blocked, id=5835, stack(0x00007fc5180f3000,0x00007fc5181f4000)]
  0x00007fc51c065000 JavaThread "Finalizer" daemon [_thread_blocked, id=5834, stack(0x00007fc5181f4000,0x00007fc5182f5000)]
  0x00007fc51c063000 JavaThread "Reference Handler" daemon [_thread_blocked, id=5833, stack(0x00007fc5182f5000,0x00007fc5183f6000)]
  0x00007fc51c008800 JavaThread "main" [_thread_in_Java, id=5827, stack(0x00007fc5204c2000,0x00007fc5205c3000)]

Other Threads:
  0x00007fc51c05e800 VMThread [stack: 0x00007fc5183f6000,0x00007fc5184f7000] [id=5832]
  0x00007fc51c097800 WatcherThread [stack: 0x00007fc505d6b000,0x00007fc505e6c000] [id=5839]

VM state:not at safepoint (normal execution)

VM Mutex/Monitor currently owned by a thread: None

Heap
 def new generation   total 18368K, used 15240K [0x00000000bf200000, 0x00000000c05e0000, 0x00000000d30a0000)
  eden space 16384K,  86% used [0x00000000bf200000, 0x00000000bffc2920, 0x00000000c0200000)
  from space 1984K,  57% used [0x00000000c0200000, 0x00000000c031f858, 0x00000000c03f0000)
  to   space 1984K,   0% used [0x00000000c03f0000, 0x00000000c03f0000, 0x00000000c05e0000)
 tenured generation   total 40768K, used 13670K [0x00000000d30a0000, 0x00000000d5870000, 0x00000000fae00000)
   the space 40768K,  33% used [0x00000000d30a0000, 0x00000000d3df9b88, 0x00000000d3df9c00, 0x00000000d5870000)
 compacting perm gen  total 21248K, used 3344K [0x00000000fae00000, 0x00000000fc2c0000, 0x0000000100000000)
   the space 21248K,  15% used [0x00000000fae00000, 0x00000000fb144390, 0x00000000fb144400, 0x00000000fc2c0000)
No shared spaces configured.

Card table byte_map: [0x00007fc518912000,0x00007fc518b1a000] byte_map_base: 0x00007fc518319000

Polling page: 0x00007fc521666000

Code Cache  [0x00007fc518bda000, 0x00007fc518e4a000, 0x00007fc51bbda000)
 total_blobs=358 nmethods=152 adapters=159 free_code_cache=48451Kb largest_free_block=49597888

Compilation events (10 events):
Event: 1.471 Thread 0x00007fc51c088000 nmethod 149 0x00007fc518c88e50 code [0x00007fc518c88fa0, 0x00007fc518c890a8]
Event: 1.471 Thread 0x00007fc51c088000  152   !         java.util.concurrent.LinkedBlockingQueue::put (121 bytes)
Event: 1.531 Thread 0x00007fc51c088000 nmethod 152 0x00007fc518c80c50 code [0x00007fc518c80e60, 0x00007fc518c816e0]
Event: 1.531 Thread 0x00007fc51c088000  153 %           com.alibaba.middlware.race.util.BTree::split @ 231 (263 bytes)
Event: 1.538 Thread 0x00007fc51c08a000 nmethod 151 0x00007fc518c89890 code [0x00007fc518c89ac0, 0x00007fc518c8a3c0]
Event: 1.555 Thread 0x00007fc51c088000 nmethod 153% 0x00007fc518c88690 code [0x00007fc518c88800, 0x00007fc518c88b98]
Event: 2.039 Thread 0x00007fc51c08a000  154   !         com.alibaba.middlware.race.util.Constructor::orderFileOrderOpr (447 bytes)
Event: 2.062 Thread 0x00007fc51c088000  155             java.util.concurrent.locks.ReentrantLock$Sync::isHeldExclusively (16 bytes)
Event: 2.062 Thread 0x00007fc51c088000 nmethod 155 0x00007fc518c8b890 code [0x00007fc518c8b9c0, 0x00007fc518c8ba38]
Event: 2.062 Thread 0x00007fc51c088000  156 % !         java.io.BufferedReader::readLine @ 131 (304 bytes)

GC Heap History (10 events):
Event: 1.731 GC heap before
{Heap before GC invocations=7 (full 0):
 def new generation   total 18368K, used 17601K [0x00000000bf200000, 0x00000000c05e0000, 0x00000000d30a0000)
  eden space 16384K, 100% used [0x00000000bf200000, 0x00000000c0200000, 0x00000000c0200000)
  from space 1984K,  61% used [0x00000000c03f0000, 0x00000000c05206f8, 0x00000000c05e0000)
  to   space 1984K,   0% used [0x00000000c0200000, 0x00000000c0200000, 0x00000000c03f0000)
 tenured generation   total 40768K, used 7425K [0x00000000d30a0000, 0x00000000d5870000, 0x00000000fae00000)
   the space 40768K,  18% used [0x00000000d30a0000, 0x00000000d37e0788, 0x00000000d37e0800, 0x00000000d5870000)
 compacting perm gen  total 21248K, used 3034K [0x00000000fae00000, 0x00000000fc2c0000, 0x0000000100000000)
   the space 21248K,  14% used [0x00000000fae00000, 0x00000000fb0f69b8, 0x00000000fb0f6a00, 0x00000000fc2c0000)
No shared spaces configured.
Event: 1.736 GC heap after
Heap after GC invocations=8 (full 0):
 def new generation   total 18368K, used 1308K [0x00000000bf200000, 0x00000000c05e0000, 0x00000000d30a0000)
  eden space 16384K,   0% used [0x00000000bf200000, 0x00000000bf200000, 0x00000000c0200000)
  from space 1984K,  65% used [0x00000000c0200000, 0x00000000c0347190, 0x00000000c03f0000)
  to   space 1984K,   0% used [0x00000000c03f0000, 0x00000000c03f0000, 0x00000000c05e0000)
 tenured generation   total 40768K, used 8540K [0x00000000d30a0000, 0x00000000d5870000, 0x00000000fae00000)
   the space 40768K,  20% used [0x00000000d30a0000, 0x00000000d38f7210, 0x00000000d38f7400, 0x00000000d5870000)
 compacting perm gen  total 21248K, used 3034K [0x00000000fae00000, 0x00000000fc2c0000, 0x0000000100000000)
   the space 21248K,  14% used [0x00000000fae00000, 0x00000000fb0f69b8, 0x00000000fb0f6a00, 0x00000000fc2c0000)
No shared spaces configured.
}
Event: 1.793 GC heap before
{Heap before GC invocations=8 (full 0):
 def new generation   total 18368K, used 17692K [0x00000000bf200000, 0x00000000c05e0000, 0x00000000d30a0000)
  eden space 16384K, 100% used [0x00000000bf200000, 0x00000000c0200000, 0x00000000c0200000)
  from space 1984K,  65% used [0x00000000c0200000, 0x00000000c0347190, 0x00000000c03f0000)
  to   space 1984K,   0% used [0x00000000c03f0000, 0x00000000c03f0000, 0x00000000c05e0000)
 tenured generation   total 40768K, used 8540K [0x00000000d30a0000, 0x00000000d5870000, 0x00000000fae00000)
   the space 40768K,  20% used [0x00000000d30a0000, 0x00000000d38f7210, 0x00000000d38f7400, 0x00000000d5870000)
 compacting perm gen  total 21248K, used 3034K [0x00000000fae00000, 0x00000000fc2c0000, 0x0000000100000000)
   the space 21248K,  14% used [0x00000000fae00000, 0x00000000fb0f69b8, 0x00000000fb0f6a00, 0x00000000fc2c0000)
No shared spaces configured.
Event: 1.799 GC heap after
Heap after GC invocations=9 (full 0):
 def new generation   total 18368K, used 1789K [0x00000000bf200000, 0x00000000c05e0000, 0x00000000d30a0000)
  eden space 16384K,   0% used [0x00000000bf200000, 0x00000000bf200000, 0x00000000c0200000)
  from space 1984K,  90% used [0x00000000c03f0000, 0x00000000c05af790, 0x00000000c05e0000)
  to   space 1984K,   0% used [0x00000000c0200000, 0x00000000c0200000, 0x00000000c03f0000)
 tenured generation   total 40768K, used 9796K [0x00000000d30a0000, 0x00000000d5870000, 0x00000000fae00000)
   the space 40768K,  24% used [0x00000000d30a0000, 0x00000000d3a31158, 0x00000000d3a31200, 0x00000000d5870000)
 compacting perm gen  total 21248K, used 3034K [0x00000000fae00000, 0x00000000fc2c0000, 0x0000000100000000)
   the space 21248K,  14% used [0x00000000fae00000, 0x00000000fb0f69b8, 0x00000000fb0f6a00, 0x00000000fc2c0000)
No shared spaces configured.
}
Event: 1.857 GC heap before
{Heap before GC invocations=9 (full 0):
 def new generation   total 18368K, used 18173K [0x00000000bf200000, 0x00000000c05e0000, 0x00000000d30a0000)
  eden space 16384K, 100% used [0x00000000bf200000, 0x00000000c0200000, 0x00000000c0200000)
  from space 1984K,  90% used [0x00000000c03f0000, 0x00000000c05af790, 0x00000000c05e0000)
  to   space 1984K,   0% used [0x00000000c0200000, 0x00000000c0200000, 0x00000000c03f0000)
 tenured generation   total 40768K, used 9796K [0x00000000d30a0000, 0x00000000d5870000, 0x00000000fae00000)
   the space 40768K,  24% used [0x00000000d30a0000, 0x00000000d3a31158, 0x00000000d3a31200, 0x00000000d5870000)
 compacting perm gen  total 21248K, used 3034K [0x00000000fae00000, 0x00000000fc2c0000, 0x0000000100000000)
   the space 21248K,  14% used [0x00000000fae00000, 0x00000000fb0f6bc0, 0x00000000fb0f6c00, 0x00000000fc2c0000)
No shared spaces configured.
Event: 1.862 GC heap after
Heap after GC invocations=10 (full 0):
 def new generation   total 18368K, used 1164K [0x00000000bf200000, 0x00000000c05e0000, 0x00000000d30a0000)
  eden space 16384K,   0% used [0x00000000bf200000, 0x00000000bf200000, 0x00000000c0200000)
  from space 1984K,  58% used [0x00000000c0200000, 0x00000000c0323000, 0x00000000c03f0000)
  to   space 1984K,   0% used [0x00000000c03f0000, 0x00000000c03f0000, 0x00000000c05e0000)
 tenured generation   total 40768K, used 11478K [0x00000000d30a0000, 0x00000000d5870000, 0x00000000fae00000)
   the space 40768K,  28% used [0x00000000d30a0000, 0x00000000d3bd59f8, 0x00000000d3bd5a00, 0x00000000d5870000)
 compacting perm gen  total 21248K, used 3034K [0x00000000fae00000, 0x00000000fc2c0000, 0x0000000100000000)
   the space 21248K,  14% used [0x00000000fae00000, 0x00000000fb0f6bc0, 0x00000000fb0f6c00, 0x00000000fc2c0000)
No shared spaces configured.
}
Event: 1.923 GC heap before
{Heap before GC invocations=10 (full 0):
 def new generation   total 18368K, used 17548K [0x00000000bf200000, 0x00000000c05e0000, 0x00000000d30a0000)
  eden space 16384K, 100% used [0x00000000bf200000, 0x00000000c0200000, 0x00000000c0200000)
  from space 1984K,  58% used [0x00000000c0200000, 0x00000000c0323000, 0x00000000c03f0000)
  to   space 1984K,   0% used [0x00000000c03f0000, 0x00000000c03f0000, 0x00000000c05e0000)
 tenured generation   total 40768K, used 11478K [0x00000000d30a0000, 0x00000000d5870000, 0x00000000fae00000)
   the space 40768K,  28% used [0x00000000d30a0000, 0x00000000d3bd59f8, 0x00000000d3bd5a00, 0x00000000d5870000)
 compacting perm gen  total 21248K, used 3035K [0x00000000fae00000, 0x00000000fc2c0000, 0x0000000100000000)
   the space 21248K,  14% used [0x00000000fae00000, 0x00000000fb0f6d70, 0x00000000fb0f6e00, 0x00000000fc2c0000)
No shared spaces configured.
Event: 1.929 GC heap after
Heap after GC invocations=11 (full 0):
 def new generation   total 18368K, used 1175K [0x00000000bf200000, 0x00000000c05e0000, 0x00000000d30a0000)
  eden space 16384K,   0% used [0x00000000bf200000, 0x00000000bf200000, 0x00000000c0200000)
  from space 1984K,  59% used [0x00000000c03f0000, 0x00000000c0515fc8, 0x00000000c05e0000)
  to   space 1984K,   0% used [0x00000000c0200000, 0x00000000c0200000, 0x00000000c03f0000)
 tenured generation   total 40768K, used 12552K [0x00000000d30a0000, 0x00000000d5870000, 0x00000000fae00000)
   the space 40768K,  30% used [0x00000000d30a0000, 0x00000000d3ce2200, 0x00000000d3ce2200, 0x00000000d5870000)
 compacting perm gen  total 21248K, used 3035K [0x00000000fae00000, 0x00000000fc2c0000, 0x0000000100000000)
   the space 21248K,  14% used [0x00000000fae00000, 0x00000000fb0f6d70, 0x00000000fb0f6e00, 0x00000000fc2c0000)
No shared spaces configured.
}
Event: 1.988 GC heap before
{Heap before GC invocations=11 (full 0):
 def new generation   total 18368K, used 17559K [0x00000000bf200000, 0x00000000c05e0000, 0x00000000d30a0000)
  eden space 16384K, 100% used [0x00000000bf200000, 0x00000000c0200000, 0x00000000c0200000)
  from space 1984K,  59% used [0x00000000c03f0000, 0x00000000c0515fc8, 0x00000000c05e0000)
  to   space 1984K,   0% used [0x00000000c0200000, 0x00000000c0200000, 0x00000000c03f0000)
 tenured generation   total 40768K, used 12552K [0x00000000d30a0000, 0x00000000d5870000, 0x00000000fae00000)
   the space 40768K,  30% used [0x00000000d30a0000, 0x00000000d3ce2200, 0x00000000d3ce2200, 0x00000000d5870000)
 compacting perm gen  total 21248K, used 3035K [0x00000000fae00000, 0x00000000fc2c0000, 0x0000000100000000)
   the space 21248K,  14% used [0x00000000fae00000, 0x00000000fb0f6d70, 0x00000000fb0f6e00, 0x00000000fc2c0000)
No shared spaces configured.
Event: 1.993 GC heap after
Heap after GC invocations=12 (full 0):
 def new generation   total 18368K, used 1150K [0x00000000bf200000, 0x00000000c05e0000, 0x00000000d30a0000)
  eden space 16384K,   0% used [0x00000000bf200000, 0x00000000bf200000, 0x00000000c0200000)
  from space 1984K,  57% used [0x00000000c0200000, 0x00000000c031f858, 0x00000000c03f0000)
  to   space 1984K,   0% used [0x00000000c03f0000, 0x00000000c03f0000, 0x00000000c05e0000)
 tenured generation   total 40768K, used 13670K [0x00000000d30a0000, 0x00000000d5870000, 0x00000000fae00000)
   the space 40768K,  33% used [0x00000000d30a0000, 0x00000000d3df9b88, 0x00000000d3df9c00, 0x00000000d5870000)
 compacting perm gen  total 21248K, used 3035K [0x00000000fae00000, 0x00000000fc2c0000, 0x0000000100000000)
   the space 21248K,  14% used [0x00000000fae00000, 0x00000000fb0f6d70, 0x00000000fb0f6e00, 0x00000000fc2c0000)
No shared spaces configured.
}

Deoptimization events (10 events):
Event: 2.033 Thread 0x00007fc51c0ef800 Uncommon trap: reason=unstable_if action=reinterpret pc=0x00007fc518c4b764 method=java.util.concurrent.ConcurrentHashMap$Segment.put(Ljava/lang/Object;ILjava/lang/Object;Z)Ljava/lang/Object; @ 92
Event: 2.035 Thread 0x00007fc51c0ec800 Uncommon trap: reason=unstable_if action=reinterpret pc=0x00007fc518c76910 method=java.lang.ThreadLocal.get()Ljava/lang/Object; @ 11
Event: 2.036 Thread 0x00007fc51c0ee000 Uncommon trap: reason=unstable_if action=reinterpret pc=0x00007fc518c775f0 method=java.lang.ThreadLocal.get()Ljava/lang/Object; @ 11
Event: 2.036 Thread 0x00007fc51c0ee000 Uncommon trap: reason=unstable_if action=reinterpret pc=0x00007fc518c5aff8 method=java.lang.Long.valueOf(J)Ljava/lang/Long; @ 13
Event: 2.068 Thread 0x00007fc51c0ef800 Uncommon trap: reason=unstable_if action=reinterpret pc=0x00007fc518c40358 method=java.util.concurrent.LinkedBlockingQueue.poll()Ljava/lang/Object; @ 9
Event: 2.068 Thread 0x00007fc51c0ef800 Uncommon trap: reason=unstable_if action=reinterpret pc=0x00007fc518c50274 method=com.alibaba.middlware.race.util.BTree.findNearestKeyBelow(Ljava/lang/Object;)I @ 14
Event: 2.073 Thread 0x00007fc51c0ee000 Uncommon trap: reason=unstable_if action=reinterpret pc=0x00007fc518c40358 method=java.util.concurrent.LinkedBlockingQueue.poll()Ljava/lang/Object; @ 9
Event: 2.080 Thread 0x00007fc51c0ec800 Uncommon trap: reason=unstable_if action=reinterpret pc=0x00007fc518c40358 method=java.util.concurrent.LinkedBlockingQueue.poll()Ljava/lang/Object; @ 9
Event: 2.172 Thread 0x00007fc4f0001800 Uncommon trap: reason=null_check action=maybe_recompile pc=0x00007fc518c771e0 method=java.lang.ThreadLocal$ThreadLocalMap.getEntry(Ljava/lang/ThreadLocal;)Ljava/lang/ThreadLocal$ThreadLocalMap$Entry; @ 8
Event: 2.172 Thread 0x00007fc4f0001800 Uncommon trap: reason=null_check action=maybe_recompile pc=0x00007fc518c771e0 method=java.lang.ThreadLocal$ThreadLocalMap.getEntry(Ljava/lang/ThreadLocal;)Ljava/lang/ThreadLocal$ThreadLocalMap$Entry; @ 8

Internal exceptions (10 events):
Event: 0.137 Thread 0x00007fc51c008800 Threw 0x00000000bf3734b0 at /HUDSON/workspace/7u-2-build-linux-amd64/jdk7u80/2329/hotspot/src/share/vm/prims/jvm.cpp:1319
Event: 1.330 Thread 0x00007fc51c008800 Implicit null exception at 0x00007fc518c63702 to 0x00007fc518c637ed
Event: 2.033 Thread 0x00007fc51c0ef800 Threw 0x00000000bfc5e898 at /HUDSON/workspace/7u-2-build-linux-amd64/jdk7u80/2329/hotspot/src/share/vm/prims/jvm.cpp:1319
Event: 2.033 Thread 0x00007fc51c0ef800 Implicit null exception at 0x00007fc518c78223 to 0x00007fc518c787b9
Event: 2.035 Thread 0x00007fc51c0ec800 Implicit null exception at 0x00007fc518c767e0 to 0x00007fc518c768fd
Event: 2.036 Thread 0x00007fc51c0ee000 Implicit null exception at 0x00007fc518c7754a to 0x00007fc518c775dd
Event: 2.037 Thread 0x00007fc4f8183000 Threw 0x00000000bfc63018 at /HUDSON/workspace/7u-2-build-linux-amd64/jdk7u80/2329/hotspot/src/share/vm/prims/jvm.cpp:1319
Event: 2.037 Thread 0x00007fc4f8183000 Threw 0x00000000bfc66910 at /HUDSON/workspace/7u-2-build-linux-amd64/jdk7u80/2329/hotspot/src/share/vm/prims/jvm.cpp:1319
Event: 2.172 Thread 0x00007fc4f0001800 Implicit null exception at 0x00007fc518c77138 to 0x00007fc518c771d5
Event: 2.172 Thread 0x00007fc4f0001800 Implicit null exception at 0x00007fc518c77138 to 0x00007fc518c771d5

Events (10 events):
Event: 2.146 loading class 0x00007fc4f8349a50
Event: 2.146 loading class 0x00007fc4f8349a50 done
Event: 2.146 loading class 0x00007fc5187a03c0
Event: 2.146 loading class 0x00007fc5187a03c0 done
Event: 2.172 Thread 0x00007fc4f0001800 Uncommon trap: trap_request=0xfffffff6 fr.pc=0x00007fc518c771e0
Event: 2.172 Thread 0x00007fc4f0001800 DEOPT PACKING pc=0x00007fc518c771e0 sp=0x00007fc505b66ad0
Event: 2.172 Thread 0x00007fc4f0001800 DEOPT UNPACKING pc=0x00007fc518c13445 sp=0x00007fc505b66a30 mode 2
Event: 2.172 Thread 0x00007fc4f0001800 Uncommon trap: trap_request=0xfffffff6 fr.pc=0x00007fc518c771e0
Event: 2.172 Thread 0x00007fc4f0001800 DEOPT PACKING pc=0x00007fc518c771e0 sp=0x00007fc505b66aa0
Event: 2.172 Thread 0x00007fc4f0001800 DEOPT UNPACKING pc=0x00007fc518c13445 sp=0x00007fc505b66a00 mode 2


Dynamic libraries:
00400000-00401000 r-xp 00000000 fd:00 538372                             /usr/local/jdk1.7.0_80/bin/java
00600000-00601000 rw-p 00000000 fd:00 538372                             /usr/local/jdk1.7.0_80/bin/java
00bbe000-00bdf000 rw-p 00000000 00:00 0                                  [heap]
bf200000-c05e0000 rw-p 00000000 00:00 0 
c05e0000-d30a0000 rw-p 00000000 00:00 0 
d30a0000-d5870000 rw-p 00000000 00:00 0 
d5870000-fae00000 rw-p 00000000 00:00 0 
fae00000-fc2c0000 rw-p 00000000 00:00 0 
fc2c0000-100000000 rw-p 00000000 00:00 0 
37d6000000-37d6020000 r-xp 00000000 fd:00 134954                         /lib64/ld-2.12.so
37d621f000-37d6220000 r--p 0001f000 fd:00 134954                         /lib64/ld-2.12.so
37d6220000-37d6221000 rw-p 00020000 fd:00 134954                         /lib64/ld-2.12.so
37d6221000-37d6222000 rw-p 00000000 00:00 0 
37d6400000-37d6402000 r-xp 00000000 fd:00 134956                         /lib64/libdl-2.12.so
37d6402000-37d6602000 ---p 00002000 fd:00 134956                         /lib64/libdl-2.12.so
37d6602000-37d6603000 r--p 00002000 fd:00 134956                         /lib64/libdl-2.12.so
37d6603000-37d6604000 rw-p 00003000 fd:00 134956                         /lib64/libdl-2.12.so
37d6800000-37d698a000 r-xp 00000000 fd:00 134955                         /lib64/libc-2.12.so
37d698a000-37d6b8a000 ---p 0018a000 fd:00 134955                         /lib64/libc-2.12.so
37d6b8a000-37d6b8e000 r--p 0018a000 fd:00 134955                         /lib64/libc-2.12.so
37d6b8e000-37d6b8f000 rw-p 0018e000 fd:00 134955                         /lib64/libc-2.12.so
37d6b8f000-37d6b94000 rw-p 00000000 00:00 0 
37d6c00000-37d6c17000 r-xp 00000000 fd:00 134957                         /lib64/libpthread-2.12.so
37d6c17000-37d6e17000 ---p 00017000 fd:00 134957                         /lib64/libpthread-2.12.so
37d6e17000-37d6e18000 r--p 00017000 fd:00 134957                         /lib64/libpthread-2.12.so
37d6e18000-37d6e19000 rw-p 00018000 fd:00 134957                         /lib64/libpthread-2.12.so
37d6e19000-37d6e1d000 rw-p 00000000 00:00 0 
37d7000000-37d7007000 r-xp 00000000 fd:00 134958                         /lib64/librt-2.12.so
37d7007000-37d7206000 ---p 00007000 fd:00 134958                         /lib64/librt-2.12.so
37d7206000-37d7207000 r--p 00006000 fd:00 134958                         /lib64/librt-2.12.so
37d7207000-37d7208000 rw-p 00007000 fd:00 134958                         /lib64/librt-2.12.so
37d7400000-37d7483000 r-xp 00000000 fd:00 134978                         /lib64/libm-2.12.so
37d7483000-37d7682000 ---p 00083000 fd:00 134978                         /lib64/libm-2.12.so
37d7682000-37d7683000 r--p 00082000 fd:00 134978                         /lib64/libm-2.12.so
37d7683000-37d7684000 rw-p 00083000 fd:00 134978                         /lib64/libm-2.12.so
7fc4f0000000-7fc4f0021000 rw-p 00000000 00:00 0 
7fc4f0021000-7fc4f4000000 ---p 00000000 00:00 0 
7fc4f8000000-7fc4f856f000 rw-p 00000000 00:00 0 
7fc4f856f000-7fc4fc000000 ---p 00000000 00:00 0 
7fc4fc000000-7fc4fc511000 rw-p 00000000 00:00 0 
7fc4fc511000-7fc500000000 ---p 00000000 00:00 0 
7fc500000000-7fc500021000 rw-p 00000000 00:00 0 
7fc500021000-7fc504000000 ---p 00000000 00:00 0 
7fc504d35000-7fc504f7e000 rw-p 00000000 00:00 0 
7fc504f7e000-7fc504fbe000 rw-s 00000000 fd:00 139086                     /disk3/stores/order.0.0goodid0/order.0.0goodid0.28
7fc504fbe000-7fc504ffe000 rw-s 00000000 fd:00 139045                     /disk3/stores/order.0.0orderid0/order.0.0orderid0.38
7fc504ffe000-7fc50503e000 rw-s 00000000 fd:00 139085                     /disk3/stores/order.0.0goodid0/order.0.0goodid0.15
7fc50503e000-7fc50507e000 rw-s 00000000 fd:00 139084                     /disk3/stores/order.0.0goodid0/order.0.0goodid0.31
7fc50507e000-7fc5050be000 rw-s 00000000 fd:00 139025                     /disk3/stores/order.0.0orderid0/order.0.0orderid0.22
7fc5050be000-7fc5050fe000 rw-s 00000000 fd:00 139019                     /disk3/stores/order.0.0orderid0/order.0.0orderid0.17
7fc5050fe000-7fc50513e000 rw-s 00000000 fd:00 139012                     /disk3/stores/order.0.0orderid0/order.0.0orderid0.12
7fc50513e000-7fc50517e000 rw-s 00000000 fd:00 139083                     /disk3/stores/order.0.0goodid0/order.0.0goodid0.1
7fc50517e000-7fc5051be000 rw-s 00000000 fd:00 139036                     /disk3/stores/order.0.0orderid0/order.0.0orderid0.31
7fc5051be000-7fc5051fe000 rw-s 00000000 fd:00 139030                     /disk3/stores/order.0.0orderid0/order.0.0orderid0.26
7fc5051fe000-7fc50523e000 rw-s 00000000 fd:00 139024                     /disk3/stores/order.0.0orderid0/order.0.0orderid0.21
7fc50523e000-7fc50527e000 rw-s 00000000 fd:00 139018                     /disk3/stores/order.0.0orderid0/order.0.0orderid0.16
7fc50527e000-7fc5052be000 rw-s 00000000 fd:00 139011                     /disk3/stores/order.0.0orderid0/order.0.0orderid0.11
7fc5052be000-7fc5052fe000 rw-s 00000000 fd:00 139006                     /disk3/stores/order.0.0orderid0/order.0.0orderid0.7
7fc5052fe000-7fc50533e000 rw-s 00000000 fd:00 138999                     /disk3/stores/order.0.0orderid0/order.0.0orderid0.4
7fc50533e000-7fc50537e000 rw-s 00000000 fd:00 139038                     /disk3/stores/order.0.0orderid0/order.0.0orderid0.33
7fc50537e000-7fc5053be000 rw-s 00000000 fd:00 139032                     /disk3/stores/order.0.0orderid0/order.0.0orderid0.28
7fc5053be000-7fc5053fe000 rw-s 00000000 fd:00 139028                     /disk3/stores/order.0.0orderid0/order.0.0orderid0.24
7fc5053fe000-7fc50543e000 rw-s 00000000 fd:00 139007                     /disk3/stores/order.0.0orderid0/order.0.0orderid0.8
7fc50543e000-7fc505441000 ---p 00000000 00:00 0 
7fc505441000-7fc50553f000 rw-p 00000000 00:00 0 
7fc50553f000-7fc505542000 ---p 00000000 00:00 0 
7fc505542000-7fc505640000 rw-p 00000000 00:00 0 
7fc505640000-7fc505650000 r-xp 00000000 fd:00 537741                     /usr/local/jdk1.7.0_80/jre/lib/amd64/libnio.so
7fc505650000-7fc505850000 ---p 00010000 fd:00 537741                     /usr/local/jdk1.7.0_80/jre/lib/amd64/libnio.so
7fc505850000-7fc505851000 rw-p 00010000 fd:00 537741                     /usr/local/jdk1.7.0_80/jre/lib/amd64/libnio.so
7fc505851000-7fc505868000 r-xp 00000000 fd:00 537775                     /usr/local/jdk1.7.0_80/jre/lib/amd64/libnet.so
7fc505868000-7fc505a67000 ---p 00017000 fd:00 537775                     /usr/local/jdk1.7.0_80/jre/lib/amd64/libnet.so
7fc505a67000-7fc505a68000 rw-p 00016000 fd:00 537775                     /usr/local/jdk1.7.0_80/jre/lib/amd64/libnet.so
7fc505a68000-7fc505a6b000 ---p 00000000 00:00 0 
7fc505a6b000-7fc505b69000 rw-p 00000000 00:00 0 
7fc505b69000-7fc505b6c000 ---p 00000000 00:00 0 
7fc505b6c000-7fc505c6a000 rw-p 00000000 00:00 0 
7fc505c6a000-7fc505c6d000 ---p 00000000 00:00 0 
7fc505c6d000-7fc505d6b000 rw-p 00000000 00:00 0 
7fc505d6b000-7fc505d6c000 ---p 00000000 00:00 0 
7fc505d6c000-7fc505e6c000 rw-p 00000000 00:00 0 
7fc505e6c000-7fc505e6f000 ---p 00000000 00:00 0 
7fc505e6f000-7fc505f6d000 rw-p 00000000 00:00 0 
7fc505f6d000-7fc505f70000 ---p 00000000 00:00 0 
7fc505f70000-7fc50606e000 rw-p 00000000 00:00 0 
7fc50606e000-7fc506071000 ---p 00000000 00:00 0 
7fc506071000-7fc50616f000 rw-p 00000000 00:00 0 
7fc50616f000-7fc50c000000 r--p 00000000 fd:00 395034                     /usr/lib/locale/locale-archive
7fc50c000000-7fc50c021000 rw-p 00000000 00:00 0 
7fc50c021000-7fc510000000 ---p 00000000 00:00 0 
7fc510000000-7fc510021000 rw-p 00000000 00:00 0 
7fc510021000-7fc514000000 ---p 00000000 00:00 0 
7fc514000000-7fc514021000 rw-p 00000000 00:00 0 
7fc514021000-7fc518000000 ---p 00000000 00:00 0 
7fc518033000-7fc518073000 rw-s 00000000 fd:00 138996                     /disk3/stores/order.0.0orderid0/order.0.0orderid0.1
7fc518073000-7fc5180b3000 rw-s 00000000 fd:00 138995                     /disk3/stores/order.0.0orderid0/order.0.0orderid0.0
7fc5180b3000-7fc5180f3000 rw-s 00000000 fd:00 139082                     /disk3/stores/order.0.0goodid0/order.0.0goodid0.0
7fc5180f3000-7fc5180f6000 ---p 00000000 00:00 0 
7fc5180f6000-7fc5181f4000 rw-p 00000000 00:00 0 
7fc5181f4000-7fc5181f7000 ---p 00000000 00:00 0 
7fc5181f7000-7fc5182f5000 rw-p 00000000 00:00 0 
7fc5182f5000-7fc5182f8000 ---p 00000000 00:00 0 
7fc5182f8000-7fc5183f6000 rw-p 00000000 00:00 0 
7fc5183f6000-7fc5183f7000 ---p 00000000 00:00 0 
7fc5183f7000-7fc518542000 rw-p 00000000 00:00 0 
7fc518542000-7fc518702000 r--s 039fb000 fd:00 538314                     /usr/local/jdk1.7.0_80/jre/lib/rt.jar
7fc518702000-7fc5187e7000 rw-p 00000000 00:00 0 
7fc5187e7000-7fc518912000 rw-p 00000000 00:00 0 
7fc518912000-7fc51891c000 rw-p 00000000 00:00 0 
7fc51891c000-7fc5189b1000 rw-p 00000000 00:00 0 
7fc5189b1000-7fc5189c6000 rw-p 00000000 00:00 0 
7fc5189c6000-7fc518af0000 rw-p 00000000 00:00 0 
7fc518af0000-7fc518afb000 rw-p 00000000 00:00 0 
7fc518afb000-7fc518b19000 rw-p 00000000 00:00 0 
7fc518b19000-7fc518b24000 rw-p 00000000 00:00 0 
7fc518b24000-7fc518bda000 rw-p 00000000 00:00 0 
7fc518bda000-7fc518e4a000 rwxp 00000000 00:00 0 
7fc518e4a000-7fc51bbda000 rw-p 00000000 00:00 0 
7fc51bbda000-7fc51bbf1000 r-xp 00000000 fd:00 537770                     /usr/local/jdk1.7.0_80/jre/lib/amd64/libzip.so
7fc51bbf1000-7fc51bdf1000 ---p 00017000 fd:00 537770                     /usr/local/jdk1.7.0_80/jre/lib/amd64/libzip.so
7fc51bdf1000-7fc51bdf2000 rw-p 00017000 fd:00 537770                     /usr/local/jdk1.7.0_80/jre/lib/amd64/libzip.so
7fc51bdf2000-7fc51bdfe000 r-xp 00000000 fd:00 130852                     /lib64/libnss_files-2.12.so
7fc51bdfe000-7fc51bffe000 ---p 0000c000 fd:00 130852                     /lib64/libnss_files-2.12.so
7fc51bffe000-7fc51bfff000 r--p 0000c000 fd:00 130852                     /lib64/libnss_files-2.12.so
7fc51bfff000-7fc51c000000 rw-p 0000d000 fd:00 130852                     /lib64/libnss_files-2.12.so
7fc51c000000-7fc51c0f5000 rw-p 00000000 00:00 0 
7fc51c0f5000-7fc520000000 ---p 00000000 00:00 0 
7fc520037000-7fc52006a000 rw-p 00000000 00:00 0 
7fc52006a000-7fc520089000 rw-p 00000000 00:00 0 
7fc520089000-7fc5200b2000 r-xp 00000000 fd:00 537736                     /usr/local/jdk1.7.0_80/jre/lib/amd64/libjava.so
7fc5200b2000-7fc5202b2000 ---p 00029000 fd:00 537736                     /usr/local/jdk1.7.0_80/jre/lib/amd64/libjava.so
7fc5202b2000-7fc5202b4000 rw-p 00029000 fd:00 537736                     /usr/local/jdk1.7.0_80/jre/lib/amd64/libjava.so
7fc5202b4000-7fc5202c1000 r-xp 00000000 fd:00 537763                     /usr/local/jdk1.7.0_80/jre/lib/amd64/libverify.so
7fc5202c1000-7fc5204c0000 ---p 0000d000 fd:00 537763                     /usr/local/jdk1.7.0_80/jre/lib/amd64/libverify.so
7fc5204c0000-7fc5204c2000 rw-p 0000c000 fd:00 537763                     /usr/local/jdk1.7.0_80/jre/lib/amd64/libverify.so
7fc5204c2000-7fc5204c5000 ---p 00000000 00:00 0 
7fc5204c5000-7fc5205c3000 rw-p 00000000 00:00 0 
7fc5205c3000-7fc521139000 r-xp 00000000 fd:00 537790                     /usr/local/jdk1.7.0_80/jre/lib/amd64/server/libjvm.so
7fc521139000-7fc521338000 ---p 00b76000 fd:00 537790                     /usr/local/jdk1.7.0_80/jre/lib/amd64/server/libjvm.so
7fc521338000-7fc5213fc000 rw-p 00b75000 fd:00 537790                     /usr/local/jdk1.7.0_80/jre/lib/amd64/server/libjvm.so
7fc5213fc000-7fc521440000 rw-p 00000000 00:00 0 
7fc521440000-7fc521455000 r-xp 00000000 fd:00 538342                     /usr/local/jdk1.7.0_80/lib/amd64/jli/libjli.so
7fc521455000-7fc521654000 ---p 00015000 fd:00 538342                     /usr/local/jdk1.7.0_80/lib/amd64/jli/libjli.so
7fc521654000-7fc521655000 rw-p 00014000 fd:00 538342                     /usr/local/jdk1.7.0_80/lib/amd64/jli/libjli.so
7fc521655000-7fc521656000 rw-p 00000000 00:00 0 
7fc52165c000-7fc52165d000 rw-p 00000000 00:00 0 
7fc52165d000-7fc521665000 rw-s 00000000 fd:00 421556                     /tmp/hsperfdata_root/5826
7fc521665000-7fc521666000 rw-p 00000000 00:00 0 
7fc521666000-7fc521667000 r--p 00000000 00:00 0 
7fc521667000-7fc521668000 rw-p 00000000 00:00 0 
7ffd88163000-7ffd88178000 rw-p 00000000 00:00 0                          [stack]
7ffd881ea000-7ffd881eb000 r-xp 00000000 00:00 0                          [vdso]
ffffffffff600000-ffffffffff601000 r-xp 00000000 00:00 0                  [vsyscall]

VM Arguments:
jvm_args: -Dfile.encoding=UTF-8 
java_command: ordersystem.Test
Launcher Type: SUN_STANDARD

Environment Variables:
JAVA_HOME=/usr/local/jdk1.7.0_80
JRE_HOME=/usr/local/jdk1.7.0_80/jre
CLASSPATH=.:/usr/local/jdk1.7.0_80/lib:/usr/local/jdk1.7.0_80/jre/lib:/usr/local/zookeeper-3.4.6/lib:
PATH=/usr/local/jdk1.7.0_80/bin:/usr/local/zookeeper-3.4.6/bin:/usr/local/jstorm-2.1.1/bin:/usr/lib64/qt-3.3/bin:/usr/local/sbin:/usr/sbin:/sbin:/usr/local/bin:/usr/bin:/bin:/root/bin
USERNAME=root
SHELL=/bin/bash
DISPLAY=:0.0

Signal Handlers:
SIGSEGV: [libjvm.so+0x9a3b20], sa_mask[0]=0x7ffbfeff, sa_flags=0x10000004
SIGBUS: [libjvm.so+0x9a3b20], sa_mask[0]=0x7ffbfeff, sa_flags=0x10000004
SIGFPE: [libjvm.so+0x81e740], sa_mask[0]=0x7ffbfeff, sa_flags=0x10000004
SIGPIPE: [libjvm.so+0x81e740], sa_mask[0]=0x7ffbfeff, sa_flags=0x10000004
SIGXFSZ: [libjvm.so+0x81e740], sa_mask[0]=0x7ffbfeff, sa_flags=0x10000004
SIGILL: [libjvm.so+0x81e740], sa_mask[0]=0x7ffbfeff, sa_flags=0x10000004
SIGUSR1: SIG_DFL, sa_mask[0]=0x00000000, sa_flags=0x00000000
SIGUSR2: [libjvm.so+0x81ffb0], sa_mask[0]=0x00000004, sa_flags=0x10000004
SIGHUP: [libjvm.so+0x8210d0], sa_mask[0]=0x7ffbfeff, sa_flags=0x10000004
SIGINT: [libjvm.so+0x8210d0], sa_mask[0]=0x7ffbfeff, sa_flags=0x10000004
SIGTERM: [libjvm.so+0x8210d0], sa_mask[0]=0x7ffbfeff, sa_flags=0x10000004
SIGQUIT: [libjvm.so+0x8210d0], sa_mask[0]=0x7ffbfeff, sa_flags=0x10000004


---------------  S Y S T E M  ---------------

OS:CentOS release 6.7 (Final)

uname:Linux 2.6.32-573.el6.x86_64 #1 SMP Thu Jul 23 15:44:03 UTC 2015 x86_64
libc:glibc 2.12 NPTL 2.12 
rlimit: STACK 10240k, CORE 0k, NPROC 15149, NOFILE 4096, AS infinity
load average:1.07 0.60 0.28

/proc/meminfo:
MemTotal:        3909156 kB
MemFree:         2210740 kB
Buffers:           48888 kB
Cached:           502408 kB
SwapCached:            0 kB
Active:          1133228 kB
Inactive:         364252 kB
Active(anon):     946336 kB
Inactive(anon):     4792 kB
Active(file):     186892 kB
Inactive(file):   359460 kB
Unevictable:           0 kB
Mlocked:               0 kB
SwapTotal:       2031612 kB
SwapFree:        2031612 kB
Dirty:              5468 kB
Writeback:             0 kB
AnonPages:        938044 kB
Mapped:           109236 kB
Shmem:              4876 kB
Slab:             112428 kB
SReclaimable:      44360 kB
SUnreclaim:        68068 kB
KernelStack:        5136 kB
PageTables:        33028 kB
NFS_Unstable:          0 kB
Bounce:                0 kB
WritebackTmp:          0 kB
CommitLimit:     3986188 kB
Committed_AS:    1649604 kB
VmallocTotal:   34359738367 kB
VmallocUsed:      167216 kB
VmallocChunk:   34359560236 kB
HardwareCorrupted:     0 kB
AnonHugePages:    718848 kB
HugePages_Total:       0
HugePages_Free:        0
HugePages_Rsvd:        0
HugePages_Surp:        0
Hugepagesize:       2048 kB
DirectMap4k:        8192 kB
DirectMap2M:     2088960 kB
DirectMap1G:     2097152 kB


CPU:total 1 (1 cores per cpu, 1 threads per core) family 6 model 60 stepping 3, cmov, cx8, fxsr, mmx, sse, sse2, sse3, ssse3, sse4.1, sse4.2, popcnt, avx, avx2, aes, erms, tsc, tscinvbit

/proc/cpuinfo:
processor	: 0
vendor_id	: GenuineIntel
cpu family	: 6
model		: 60
model name	: Intel(R) Core(TM) i7-4712MQ CPU @ 2.30GHz
stepping	: 3
microcode	: 30
cpu MHz		: 2301.000
cache size	: 6144 KB
physical id	: 0
siblings	: 1
core id		: 0
cpu cores	: 1
apicid		: 0
initial apicid	: 0
fpu		: yes
fpu_exception	: yes
cpuid level	: 13
wp		: yes
flags		: fpu vme de pse tsc msr pae mce cx8 apic sep mtrr pge mca cmov pat pse36 clflush dts mmx fxsr sse sse2 ss syscall nx pdpe1gb rdtscp lm constant_tsc up arch_perfmon pebs bts xtopology tsc_reliable nonstop_tsc aperfmperf unfair_spinlock pni pclmulqdq ssse3 fma cx16 pcid sse4_1 sse4_2 x2apic movbe popcnt tsc_deadline_timer aes xsave avx f16c rdrand hypervisor lahf_lm abm ida arat epb xsaveopt pln pts dts fsgsbase bmi1 avx2 smep bmi2 invpcid
bogomips	: 4602.00
clflush size	: 64
cache_alignment	: 64
address sizes	: 42 bits physical, 48 bits virtual
power management:



Memory: 4k page, physical 3909156k(2210740k free), swap 2031612k(2031612k free)

vm_info: Java HotSpot(TM) 64-Bit Server VM (24.80-b11) for linux-amd64 JRE (1.7.0_80-b15), built on Apr 10 2015 19:53:14 by "java_re" with gcc 4.3.0 20080428 (Red Hat 4.3.0-8)

time: Tue Aug  2 04:58:13 2016
elapsed time: 2 seconds

