#
# A fatal error has been detected by the Java Runtime Environment:
#
#  SIGSEGV (0xb) at pc=0x00007fe4635a372e, pid=6043, tid=140618873825024
#
# JRE version: Java(TM) SE Runtime Environment (7.0_80-b15) (build 1.7.0_80-b15)
# Java VM: Java HotSpot(TM) 64-Bit Server VM (24.80-b11 mixed mode linux-amd64 compressed oops)
# Problematic frame:
# V  [libjvm.so+0x49e72e]  DefNewGeneration::copy_to_survivor_space(oopDesc*)+0x3e
#
# Failed to write core dump. Core dumps have been disabled. To enable core dumping, try "ulimit -c unlimited" before starting Java again
#
# If you would like to submit a bug report, please visit:
#   http://bugreport.java.com/bugreport/crash.jsp
#

---------------  T H R E A D  ---------------

Current thread (0x00007fe45c05e800):  VMThread [stack: 0x00007fe461f5e000,0x00007fe46205f000] [id=6049]

siginfo:si_signo=SIGSEGV: si_errno=0, si_code=1 (SEGV_MAPERR), si_addr=0x0000000025294b6c

Registers:
RAX=0x00007fe463f2b360, RBX=0x00007fe46205d450, RCX=0x0000000000000000, RDX=0x0000000025294b54
RSP=0x00007fe46205cec0, RBP=0x00007fe46205cee0, RSI=0x0000000000000000, RDI=0x0000000025294b64
R8 =0x0000000000000001, R9 =0x000000000000000e, R10=0x0000000000000000, R11=0x00007fe4635a3cb0
R12=0x00000000bfc56da0, R13=0x000000000000004f, R14=0x00007fe45c0198a0, R15=0x0000000000000000
RIP=0x00007fe4635a372e, EFLAGS=0x0000000000010202, CSGSFS=0x0000000000000033, ERR=0x0000000000000004
  TRAPNO=0x000000000000000e

Top of Stack: (sp=0x00007fe46205cec0)
0x00007fe46205cec0:   00007fe46205d450 00000000fb12aa90
0x00007fe46205ced0:   000000000000004f 00000000fb12aa28
0x00007fe46205cee0:   00007fe46205cf00 00007fe4635a3d19
0x00007fe46205cef0:   00007fe46205d000 00000000fb12aa18
0x00007fe46205cf00:   00007fe46205cf30 00007fe463825bb1
0x00007fe46205cf10:   00007fe46205d000 00000000fb12aa28
0x00007fe46205cf20:   0000000000000001 00000000fb12aa18
0x00007fe46205cf30:   00007fe46205cf80 00007fe4636ccd7f
0x00007fe46205cf40:   00000000fae00280 0000000e00000002
0x00007fe46205cf50:   0000000000000000 00000000fb12ac90
0x00007fe46205cf60:   00000000fb12aa18 00000000fb12b608
0x00007fe46205cf70:   00000000fb12ac90 00007fe46205d000
0x00007fe46205cf80:   00007fe46205cff0 00007fe4639dcafc
0x00007fe46205cf90:   00007fe4614513a0 00007fe46205d040
0x00007fe46205cfa0:   0000000000000000 0000000000000000
0x00007fe46205cfb0:   00000000fb12aa00 0000000000000181
0x00007fe46205cfc0:   00007fe46205d250 00000000fb12aa00
0x00007fe46205cfd0:   00000000fb12b600 00000000fb12aa00
0x00007fe46205cfe0:   00007fe45c01dc20 00000000fb12a998
0x00007fe46205cff0:   00007fe46205d050 00007fe4639d963f
0x00007fe46205d000:   00007fe463ef7fb0 0000000000000000
0x00007fe46205d010:   00007fe45c05c1e0 00000000fae00000
0x00007fe46205d020:   00007fe46205d450 00007fe4639d959e
0x00007fe46205d030:   0000000000000000 00000000fb12b5f8
0x00007fe46205d040:   00000000fb12aa00 0000000000000181
0x00007fe46205d050:   00007fe46205d0b0 00007fe4639d94e3
0x00007fe46205d060:   00000000fb12aa00 0000000000000181
0x00007fe46205d070:   0000000000000000 0000000000000000
0x00007fe46205d080:   0000000000000000 00007fe46205d140
0x00007fe46205d090:   00007fe4626ab954 0000000000000180
0x00007fe46205d0a0:   00000000fb12a800 00000000fb12aa00
0x00007fe46205d0b0:   00007fe46205d130 00007fe4634c65eb 

Instructions: (pc=0x00007fe4635a372e)
0x00007fe4635a370e:   c0 0f 84 ab 00 00 00 48 8b 05 5c ae 96 00 8b 56
0x00007fe4635a371e:   08 8b 70 08 89 f1 48 d3 e2 48 03 10 48 8d 7a 10
0x00007fe4635a372e:   8b 4f 08 83 f9 00 0f 8e 9a 00 00 00 f6 c1 01 0f
0x00007fe4635a373e:   85 9d 00 00 00 89 c8 c1 f8 03 4c 63 e8 49 8b 04 

Register to memory mapping:

RAX=0x00007fe463f2b360: <offset 0xe26360> in /usr/local/jdk1.7.0_80/jre/lib/amd64/server/libjvm.so at 0x00007fe463105000
RBX=0x00007fe46205d450 is an unknown value
RCX=0x0000000000000000 is an unknown value
RDX=0x0000000025294b54 is an unknown value
RSP=0x00007fe46205cec0 is an unknown value
RBP=0x00007fe46205cee0 is an unknown value
RSI=0x0000000000000000 is an unknown value
RDI=0x0000000025294b64 is an unknown value
R8 =0x0000000000000001 is an unknown value
R9 =0x000000000000000e is an unknown value
R10=0x0000000000000000 is an unknown value
R11=0x00007fe4635a3cb0: <offset 0x49ecb0> in /usr/local/jdk1.7.0_80/jre/lib/amd64/server/libjvm.so at 0x00007fe463105000
R12=
[error occurred during error reporting (printing register info), id 0xb]

Stack: [0x00007fe461f5e000,0x00007fe46205f000],  sp=0x00007fe46205cec0,  free space=1019k
Native frames: (J=compiled Java code, j=interpreted, Vv=VM code, C=native code)
V  [libjvm.so+0x49e72e]  DefNewGeneration::copy_to_survivor_space(oopDesc*)+0x3e
V  [libjvm.so+0x49ed19]  FastScanClosure::do_oop(oopDesc**)+0x69
V  [libjvm.so+0x720bb1]  klassKlass::oop_oop_iterate(oopDesc*, OopClosure*)+0xc1
V  [libjvm.so+0x5c7d7f]  instanceKlassKlass::oop_oop_iterate(oopDesc*, OopClosure*)+0x27f
V  [libjvm.so+0x8d7afc]  ContiguousSpaceDCTOC::walk_mem_region_with_cl(MemRegion, HeapWord*, HeapWord*, FilteringClosure*)+0x10c
V  [libjvm.so+0x8d463f]  Filtering_DCTOC::walk_mem_region(MemRegion, HeapWord*, HeapWord*)+0x5f
V  [libjvm.so+0x8d44e3]  DirtyCardToOopClosure::do_MemRegion(MemRegion)+0x113
V  [libjvm.so+0x3c15eb]  ClearNoncleanCardWrapper::do_MemRegion(MemRegion)+0x1ab
V  [libjvm.so+0x3bf804]  CardTableModRefBS::non_clean_card_iterate_possibly_parallel(Space*, MemRegion, OopsInGenClosure*, CardTableRS*)+0xb4
V  [libjvm.so+0x3c13ae]  CardTableRS::younger_refs_in_space_iterate(Space*, OopsInGenClosure*)+0x4e
V  [libjvm.so+0x57a420]  OneContigSpaceCardGeneration::younger_refs_iterate(OopsInGenClosure*)+0x40
V  [libjvm.so+0x438897]  CompactingPermGenGen::younger_refs_iterate(OopsInGenClosure*)+0x1b
V  [libjvm.so+0x8b374a]  SharedHeap::process_strong_roots(bool, bool, SharedHeap::ScanningOption, OopClosure*, CodeBlobClosure*, OopsInGenClosure*, bool)+0x26a
V  [libjvm.so+0x569f2c]  GenCollectedHeap::gen_process_strong_roots(int, bool, bool, bool, SharedHeap::ScanningOption, OopsInGenClosure*, bool, OopsInGenClosure*)+0x7c
V  [libjvm.so+0x4a039b]  DefNewGeneration::collect(bool, bool, unsigned long, bool)+0x42b
V  [libjvm.so+0x56c843]  GenCollectedHeap::do_collection(bool, bool, unsigned long, bool, int)+0x543
V  [libjvm.so+0x42b0e4]  GenCollectorPolicy::satisfy_failed_allocation(unsigned long, bool)+0x104
V  [libjvm.so+0x9a4284]  VM_GenCollectForAllocation::doit()+0x94
V  [libjvm.so+0x9abf35]  VM_Operation::evaluate()+0x55
V  [libjvm.so+0x9aa2fa]  VMThread::evaluate_operation(VM_Operation*)+0xba
V  [libjvm.so+0x9aa67e]  VMThread::loop()+0x1ce
V  [libjvm.so+0x9aaaf0]  VMThread::run()+0x70
V  [libjvm.so+0x8238c8]  java_start(Thread*)+0x108

VM_Operation (0x00007fe4631032d0): GenCollectForAllocation, mode: safepoint, requested by thread 0x00007fe45c008800


---------------  P R O C E S S  ---------------

Java Threads: ( => current thread )
  0x00007fe45c0f3800 JavaThread "Thread-5" [_thread_blocked, id=6066, stack(0x00007fe460e29000,0x00007fe460f2a000)]
  0x00007fe45c0ed800 JavaThread "Thread-4" [_thread_blocked, id=6065, stack(0x00007fe461352000,0x00007fe461453000)]
  0x00007fe45c0ec800 JavaThread "Thread-3" [_thread_blocked, id=6064, stack(0x00007fe461655000,0x00007fe461756000)]
  0x00007fe43c175000 JavaThread "pool-6-thread-2" [_thread_blocked, id=6063, stack(0x00007fe461756000,0x00007fe461857000)]
  0x00007fe430004000 JavaThread "pool-6-thread-1" [_thread_blocked, id=6062, stack(0x00007fe461453000,0x00007fe461554000)]
  0x00007fe45c08c800 JavaThread "Service Thread" daemon [_thread_blocked, id=6055, stack(0x00007fe461958000,0x00007fe461a59000)]
  0x00007fe45c08a000 JavaThread "C2 CompilerThread1" daemon [_thread_blocked, id=6054, stack(0x00007fe461a59000,0x00007fe461b5a000)]
  0x00007fe45c088000 JavaThread "C2 CompilerThread0" daemon [_thread_in_native, id=6053, stack(0x00007fe461b5a000,0x00007fe461c5b000)]
  0x00007fe45c085800 JavaThread "Signal Dispatcher" daemon [_thread_blocked, id=6052, stack(0x00007fe461c5b000,0x00007fe461d5c000)]
  0x00007fe45c065000 JavaThread "Finalizer" daemon [_thread_blocked, id=6051, stack(0x00007fe461d5c000,0x00007fe461e5d000)]
  0x00007fe45c063000 JavaThread "Reference Handler" daemon [_thread_blocked, id=6050, stack(0x00007fe461e5d000,0x00007fe461f5e000)]
  0x00007fe45c008800 JavaThread "main" [_thread_blocked, id=6045, stack(0x00007fe463004000,0x00007fe463105000)]

Other Threads:
=>0x00007fe45c05e800 VMThread [stack: 0x00007fe461f5e000,0x00007fe46205f000] [id=6049]
  0x00007fe45c097800 WatcherThread [stack: 0x00007fe461857000,0x00007fe461958000] [id=6056]

VM state:at safepoint (normal execution)

VM Mutex/Monitor currently owned by a thread:  ([mutex/lock_event])
[0x00007fe45c006090] Threads_lock - owner thread: 0x00007fe45c05e800
[0x00007fe45c006590] Heap_lock - owner thread: 0x00007fe45c008800

Heap
 def new generation   total 18368K, used 17559K [0x00000000bf200000, 0x00000000c05e0000, 0x00000000d30a0000)
  eden space 16384K, 100% used [0x00000000bf200000, 0x00000000c0200000, 0x00000000c0200000)
  from space 1984K,  59% used [0x00000000c0200000, 0x00000000c0325d78, 0x00000000c03f0000)
  to   space 1984K,   0% used [0x00000000c03f0000, 0x00000000c03f0750, 0x00000000c05e0000)
 tenured generation   total 40768K, used 13693K [0x00000000d30a0000, 0x00000000d5870000, 0x00000000fae00000)
   the space 40768K,  33% used [0x00000000d30a0000, 0x00000000d3dff7c8, 0x00000000d3dff800, 0x00000000d5870000)
 compacting perm gen  total 21248K, used 3248K [0x00000000fae00000, 0x00000000fc2c0000, 0x0000000100000000)
   the space 21248K,  15% used [0x00000000fae00000, 0x00000000fb12c3c8, 0x00000000fb12c400, 0x00000000fc2c0000)
No shared spaces configured.

Card table byte_map: [0x00007fe4624cc000,0x00007fe4626d4000] byte_map_base: 0x00007fe461ed3000

Polling page: 0x00007fe4641a8000

Code Cache  [0x00007fe459000000, 0x00007fe459270000, 0x00007fe45c000000)
 total_blobs=362 nmethods=161 adapters=154 free_code_cache=48399Kb largest_free_block=49529856

Compilation events (10 events):
Event: 2.559 Thread 0x00007fe45c08a000 nmethod 156 0x00007fe459082750 code [0x00007fe459082880, 0x00007fe4590828d8]
Event: 2.559 Thread 0x00007fe45c08a000  157             java.util.concurrent.locks.ReentrantLock::lockInterruptibly (9 bytes)
Event: 2.560 Thread 0x00007fe45c08a000 nmethod 157 0x00007fe4590ba250 code [0x00007fe4590ba3a0, 0x00007fe4590ba508]
Event: 2.560 Thread 0x00007fe45c08a000  158             java.util.concurrent.locks.AbstractQueuedSynchronizer::acquireInterruptibly (28 bytes)
Event: 2.563 Thread 0x00007fe45c08a000 nmethod 158 0x00007fe4590bde10 code [0x00007fe4590bdf60, 0x00007fe4590be0a8]
Event: 2.563 Thread 0x00007fe45c08a000  159             java.util.concurrent.locks.ReentrantLock$NonfairSync::tryAcquire (6 bytes)
Event: 2.563 Thread 0x00007fe45c08a000 nmethod 159 0x00007fe4590823d0 code [0x00007fe459082520, 0x00007fe4590825f8]
Event: 2.563 Thread 0x00007fe45c08a000  160 % !         java.io.BufferedReader::readLine @ 131 (304 bytes)
Event: 2.747 Thread 0x00007fe45c08a000 nmethod 160% 0x00007fe4590c1410 code [0x00007fe4590c1600, 0x00007fe4590c30d0]
Event: 2.747 Thread 0x00007fe45c08a000  161 %           com.alibaba.middlware.race.util.IndexCreater$1::call @ 3 (99 bytes)

GC Heap History (10 events):
Event: 2.130 GC heap after
Heap after GC invocations=8 (full 0):
 def new generation   total 18368K, used 1291K [0x00000000bf200000, 0x00000000c05e0000, 0x00000000d30a0000)
  eden space 16384K,   0% used [0x00000000bf200000, 0x00000000bf200000, 0x00000000c0200000)
  from space 1984K,  65% used [0x00000000c0200000, 0x00000000c0342e98, 0x00000000c03f0000)
  to   space 1984K,   0% used [0x00000000c03f0000, 0x00000000c03f0000, 0x00000000c05e0000)
 tenured generation   total 40768K, used 8601K [0x00000000d30a0000, 0x00000000d5870000, 0x00000000fae00000)
   the space 40768K,  21% used [0x00000000d30a0000, 0x00000000d39067f8, 0x00000000d3906800, 0x00000000d5870000)
 compacting perm gen  total 21248K, used 3034K [0x00000000fae00000, 0x00000000fc2c0000, 0x0000000100000000)
   the space 21248K,  14% used [0x00000000fae00000, 0x00000000fb0f6a30, 0x00000000fb0f6c00, 0x00000000fc2c0000)
No shared spaces configured.
}
Event: 2.209 GC heap before
{Heap before GC invocations=8 (full 0):
 def new generation   total 18368K, used 17675K [0x00000000bf200000, 0x00000000c05e0000, 0x00000000d30a0000)
  eden space 16384K, 100% used [0x00000000bf200000, 0x00000000c0200000, 0x00000000c0200000)
  from space 1984K,  65% used [0x00000000c0200000, 0x00000000c0342e98, 0x00000000c03f0000)
  to   space 1984K,   0% used [0x00000000c03f0000, 0x00000000c03f0000, 0x00000000c05e0000)
 tenured generation   total 40768K, used 8601K [0x00000000d30a0000, 0x00000000d5870000, 0x00000000fae00000)
   the space 40768K,  21% used [0x00000000d30a0000, 0x00000000d39067f8, 0x00000000d3906800, 0x00000000d5870000)
 compacting perm gen  total 21248K, used 3034K [0x00000000fae00000, 0x00000000fc2c0000, 0x0000000100000000)
   the space 21248K,  14% used [0x00000000fae00000, 0x00000000fb0f6a30, 0x00000000fb0f6c00, 0x00000000fc2c0000)
No shared spaces configured.
Event: 2.221 GC heap after
Heap after GC invocations=9 (full 0):
 def new generation   total 18368K, used 1747K [0x00000000bf200000, 0x00000000c05e0000, 0x00000000d30a0000)
  eden space 16384K,   0% used [0x00000000bf200000, 0x00000000bf200000, 0x00000000c0200000)
  from space 1984K,  88% used [0x00000000c03f0000, 0x00000000c05a4e10, 0x00000000c05e0000)
  to   space 1984K,   0% used [0x00000000c0200000, 0x00000000c0200000, 0x00000000c03f0000)
 tenured generation   total 40768K, used 9815K [0x00000000d30a0000, 0x00000000d5870000, 0x00000000fae00000)
   the space 40768K,  24% used [0x00000000d30a0000, 0x00000000d3a35de0, 0x00000000d3a35e00, 0x00000000d5870000)
 compacting perm gen  total 21248K, used 3034K [0x00000000fae00000, 0x00000000fc2c0000, 0x0000000100000000)
   the space 21248K,  14% used [0x00000000fae00000, 0x00000000fb0f6a30, 0x00000000fb0f6c00, 0x00000000fc2c0000)
No shared spaces configured.
}
Event: 2.278 GC heap before
{Heap before GC invocations=9 (full 0):
 def new generation   total 18368K, used 18131K [0x00000000bf200000, 0x00000000c05e0000, 0x00000000d30a0000)
  eden space 16384K, 100% used [0x00000000bf200000, 0x00000000c0200000, 0x00000000c0200000)
  from space 1984K,  88% used [0x00000000c03f0000, 0x00000000c05a4e10, 0x00000000c05e0000)
  to   space 1984K,   0% used [0x00000000c0200000, 0x00000000c0200000, 0x00000000c03f0000)
 tenured generation   total 40768K, used 9815K [0x00000000d30a0000, 0x00000000d5870000, 0x00000000fae00000)
   the space 40768K,  24% used [0x00000000d30a0000, 0x00000000d3a35de0, 0x00000000d3a35e00, 0x00000000d5870000)
 compacting perm gen  total 21248K, used 3034K [0x00000000fae00000, 0x00000000fc2c0000, 0x0000000100000000)
   the space 21248K,  14% used [0x00000000fae00000, 0x00000000fb0f6b30, 0x00000000fb0f6c00, 0x00000000fc2c0000)
No shared spaces configured.
Event: 2.289 GC heap after
Heap after GC invocations=10 (full 0):
 def new generation   total 18368K, used 1259K [0x00000000bf200000, 0x00000000c05e0000, 0x00000000d30a0000)
  eden space 16384K,   0% used [0x00000000bf200000, 0x00000000bf200000, 0x00000000c0200000)
  from space 1984K,  63% used [0x00000000c0200000, 0x00000000c033aca8, 0x00000000c03f0000)
  to   space 1984K,   0% used [0x00000000c03f0000, 0x00000000c03f0000, 0x00000000c05e0000)
 tenured generation   total 40768K, used 11464K [0x00000000d30a0000, 0x00000000d5870000, 0x00000000fae00000)
   the space 40768K,  28% used [0x00000000d30a0000, 0x00000000d3bd21c0, 0x00000000d3bd2200, 0x00000000d5870000)
 compacting perm gen  total 21248K, used 3034K [0x00000000fae00000, 0x00000000fc2c0000, 0x0000000100000000)
   the space 21248K,  14% used [0x00000000fae00000, 0x00000000fb0f6b30, 0x00000000fb0f6c00, 0x00000000fc2c0000)
No shared spaces configured.
}
Event: 2.354 GC heap before
{Heap before GC invocations=10 (full 0):
 def new generation   total 18368K, used 17643K [0x00000000bf200000, 0x00000000c05e0000, 0x00000000d30a0000)
  eden space 16384K, 100% used [0x00000000bf200000, 0x00000000c0200000, 0x00000000c0200000)
  from space 1984K,  63% used [0x00000000c0200000, 0x00000000c033aca8, 0x00000000c03f0000)
  to   space 1984K,   0% used [0x00000000c03f0000, 0x00000000c03f0000, 0x00000000c05e0000)
 tenured generation   total 40768K, used 11464K [0x00000000d30a0000, 0x00000000d5870000, 0x00000000fae00000)
   the space 40768K,  28% used [0x00000000d30a0000, 0x00000000d3bd21c0, 0x00000000d3bd2200, 0x00000000d5870000)
 compacting perm gen  total 21248K, used 3035K [0x00000000fae00000, 0x00000000fc2c0000, 0x0000000100000000)
   the space 21248K,  14% used [0x00000000fae00000, 0x00000000fb0f6ce0, 0x00000000fb0f6e00, 0x00000000fc2c0000)
No shared spaces configured.
Event: 2.368 GC heap after
Heap after GC invocations=11 (full 0):
 def new generation   total 18368K, used 1148K [0x00000000bf200000, 0x00000000c05e0000, 0x00000000d30a0000)
  eden space 16384K,   0% used [0x00000000bf200000, 0x00000000bf200000, 0x00000000c0200000)
  from space 1984K,  57% used [0x00000000c03f0000, 0x00000000c050f0c0, 0x00000000c05e0000)
  to   space 1984K,   0% used [0x00000000c0200000, 0x00000000c0200000, 0x00000000c03f0000)
 tenured generation   total 40768K, used 12616K [0x00000000d30a0000, 0x00000000d5870000, 0x00000000fae00000)
   the space 40768K,  30% used [0x00000000d30a0000, 0x00000000d3cf23f8, 0x00000000d3cf2400, 0x00000000d5870000)
 compacting perm gen  total 21248K, used 3035K [0x00000000fae00000, 0x00000000fc2c0000, 0x0000000100000000)
   the space 21248K,  14% used [0x00000000fae00000, 0x00000000fb0f6ce0, 0x00000000fb0f6e00, 0x00000000fc2c0000)
No shared spaces configured.
}
Event: 2.433 GC heap before
{Heap before GC invocations=11 (full 0):
 def new generation   total 18368K, used 17532K [0x00000000bf200000, 0x00000000c05e0000, 0x00000000d30a0000)
  eden space 16384K, 100% used [0x00000000bf200000, 0x00000000c0200000, 0x00000000c0200000)
  from space 1984K,  57% used [0x00000000c03f0000, 0x00000000c050f0c0, 0x00000000c05e0000)
  to   space 1984K,   0% used [0x00000000c0200000, 0x00000000c0200000, 0x00000000c03f0000)
 tenured generation   total 40768K, used 12616K [0x00000000d30a0000, 0x00000000d5870000, 0x00000000fae00000)
   the space 40768K,  30% used [0x00000000d30a0000, 0x00000000d3cf23f8, 0x00000000d3cf2400, 0x00000000d5870000)
 compacting perm gen  total 21248K, used 3035K [0x00000000fae00000, 0x00000000fc2c0000, 0x0000000100000000)
   the space 21248K,  14% used [0x00000000fae00000, 0x00000000fb0f6ea0, 0x00000000fb0f7000, 0x00000000fc2c0000)
No shared spaces configured.
Event: 2.441 GC heap after
Heap after GC invocations=12 (full 0):
 def new generation   total 18368K, used 1175K [0x00000000bf200000, 0x00000000c05e0000, 0x00000000d30a0000)
  eden space 16384K,   0% used [0x00000000bf200000, 0x00000000bf200000, 0x00000000c0200000)
  from space 1984K,  59% used [0x00000000c0200000, 0x00000000c0325d78, 0x00000000c03f0000)
  to   space 1984K,   0% used [0x00000000c03f0000, 0x00000000c03f0000, 0x00000000c05e0000)
 tenured generation   total 40768K, used 13693K [0x00000000d30a0000, 0x00000000d5870000, 0x00000000fae00000)
   the space 40768K,  33% used [0x00000000d30a0000, 0x00000000d3dff7c8, 0x00000000d3dff800, 0x00000000d5870000)
 compacting perm gen  total 21248K, used 3035K [0x00000000fae00000, 0x00000000fc2c0000, 0x0000000100000000)
   the space 21248K,  14% used [0x00000000fae00000, 0x00000000fb0f6ea0, 0x00000000fb0f7000, 0x00000000fc2c0000)
No shared spaces configured.
}
Event: 2.869 GC heap before
{Heap before GC invocations=12 (full 0):
 def new generation   total 18368K, used 17559K [0x00000000bf200000, 0x00000000c05e0000, 0x00000000d30a0000)
  eden space 16384K, 100% used [0x00000000bf200000, 0x00000000c0200000, 0x00000000c0200000)
  from space 1984K,  59% used [0x00000000c0200000, 0x00000000c0325d78, 0x00000000c03f0000)
  to   space 1984K,   0% used [0x00000000c03f0000, 0x00000000c03f0000, 0x00000000c05e0000)
 tenured generation   total 40768K, used 13693K [0x00000000d30a0000, 0x00000000d5870000, 0x00000000fae00000)
   the space 40768K,  33% used [0x00000000d30a0000, 0x00000000d3dff7c8, 0x00000000d3dff800, 0x00000000d5870000)
 compacting perm gen  total 21248K, used 3248K [0x00000000fae00000, 0x00000000fc2c0000, 0x0000000100000000)
   the space 21248K,  15% used [0x00000000fae00000, 0x00000000fb12c3c8, 0x00000000fb12c400, 0x00000000fc2c0000)
No shared spaces configured.

Deoptimization events (10 events):
Event: 2.487 Thread 0x00007fe45c0ec800 Uncommon trap: reason=unstable_if action=reinterpret pc=0x00007fe4590790e4 method=java.util.concurrent.ConcurrentHashMap$Segment.put(Ljava/lang/Object;ILjava/lang/Object;Z)Ljava/lang/Object; @ 92
Event: 2.495 Thread 0x00007fe45c0ed800 Uncommon trap: reason=unstable_if action=reinterpret pc=0x00007fe459097390 method=java.lang.ThreadLocal.get()Ljava/lang/Object; @ 11
Event: 2.498 Thread 0x00007fe45c0ec800 Uncommon trap: reason=unstable_if action=reinterpret pc=0x00007fe459083d38 method=java.lang.Long.valueOf(J)Ljava/lang/Long; @ 13
Event: 2.498 Thread 0x00007fe430004000 Uncommon trap: reason=unstable_if action=reinterpret pc=0x00007fe459095c30 method=java.lang.ThreadLocal.get()Ljava/lang/Object; @ 11
Event: 2.539 Thread 0x00007fe45c0f3800 Uncommon trap: reason=unstable_if action=reinterpret pc=0x00007fe459065c58 method=java.util.concurrent.LinkedBlockingQueue.poll()Ljava/lang/Object; @ 9
Event: 2.539 Thread 0x00007fe45c0f3800 Uncommon trap: reason=unstable_if action=reinterpret pc=0x00007fe4590777b4 method=com.alibaba.middlware.race.util.BTree.findNearestKeyBelow(Ljava/lang/Object;)I @ 14
Event: 2.540 Thread 0x00007fe45c0ed800 Uncommon trap: reason=unstable_if action=reinterpret pc=0x00007fe459065c58 method=java.util.concurrent.LinkedBlockingQueue.poll()Ljava/lang/Object; @ 9
Event: 2.556 Thread 0x00007fe45c0ec800 Uncommon trap: reason=unstable_if action=reinterpret pc=0x00007fe459065c58 method=java.util.concurrent.LinkedBlockingQueue.poll()Ljava/lang/Object; @ 9
Event: 2.562 Thread 0x00007fe43c175000 Uncommon trap: reason=null_check action=maybe_recompile pc=0x00007fe459095820 method=java.lang.ThreadLocal$ThreadLocalMap.getEntry(Ljava/lang/ThreadLocal;)Ljava/lang/ThreadLocal$ThreadLocalMap$Entry; @ 8
Event: 2.578 Thread 0x00007fe43c175000 Uncommon trap: reason=null_check action=maybe_recompile pc=0x00007fe459095820 method=java.lang.ThreadLocal$ThreadLocalMap.getEntry(Ljava/lang/ThreadLocal;)Ljava/lang/ThreadLocal$ThreadLocalMap$Entry; @ 8

Internal exceptions (10 events):
Event: 0.242 Thread 0x00007fe45c008800 Threw 0x00000000bf373490 at /HUDSON/workspace/7u-2-build-linux-amd64/jdk7u80/2329/hotspot/src/share/vm/prims/jvm.cpp:1319
Event: 1.779 Thread 0x00007fe45c008800 Implicit null exception at 0x00007fe45908aa82 to 0x00007fe45908ab6d
Event: 2.486 Thread 0x00007fe45c0ec800 Threw 0x00000000bfbb80e8 at /HUDSON/workspace/7u-2-build-linux-amd64/jdk7u80/2329/hotspot/src/share/vm/prims/jvm.cpp:1319
Event: 2.486 Thread 0x00007fe45c0ec800 Implicit null exception at 0x00007fe4590962a3 to 0x00007fe459096839
Event: 2.495 Thread 0x00007fe45c0ed800 Implicit null exception at 0x00007fe459097260 to 0x00007fe45909737d
Event: 2.498 Thread 0x00007fe430004000 Threw 0x00000000bfbbf6d8 at /HUDSON/workspace/7u-2-build-linux-amd64/jdk7u80/2329/hotspot/src/share/vm/prims/jvm.cpp:1319
Event: 2.498 Thread 0x00007fe430004000 Implicit null exception at 0x00007fe459095b8a to 0x00007fe459095c1d
Event: 2.499 Thread 0x00007fe430004000 Threw 0x00000000bfbc2fd0 at /HUDSON/workspace/7u-2-build-linux-amd64/jdk7u80/2329/hotspot/src/share/vm/prims/jvm.cpp:1319
Event: 2.562 Thread 0x00007fe43c175000 Implicit null exception at 0x00007fe459095778 to 0x00007fe459095815
Event: 2.578 Thread 0x00007fe43c175000 Implicit null exception at 0x00007fe459095778 to 0x00007fe459095815

Events (10 events):
Event: 2.556 Thread 0x00007fe45c0ec800 Uncommon trap: trap_request=0xffffff75 fr.pc=0x00007fe459065c58
Event: 2.556 Thread 0x00007fe45c0ec800 DEOPT PACKING pc=0x00007fe459065c58 sp=0x00007fe4617545a0
Event: 2.556 Thread 0x00007fe45c0ec800 DEOPT UNPACKING pc=0x00007fe459039445 sp=0x00007fe461754498 mode 2
Event: 2.562 Thread 0x00007fe43c175000 Uncommon trap: trap_request=0xfffffff6 fr.pc=0x00007fe459095820
Event: 2.562 Thread 0x00007fe43c175000 DEOPT PACKING pc=0x00007fe459095820 sp=0x00007fe461854a50
Event: 2.578 Thread 0x00007fe43c175000 DEOPT UNPACKING pc=0x00007fe459039445 sp=0x00007fe4618549b0 mode 2
Event: 2.578 Thread 0x00007fe43c175000 Uncommon trap: trap_request=0xfffffff6 fr.pc=0x00007fe459095820
Event: 2.578 Thread 0x00007fe43c175000 DEOPT PACKING pc=0x00007fe459095820 sp=0x00007fe461854a20
Event: 2.578 Thread 0x00007fe43c175000 DEOPT UNPACKING pc=0x00007fe459039445 sp=0x00007fe461854980 mode 2
Event: 2.865 Executing VM operation: GenCollectForAllocation


Dynamic libraries:
00400000-00401000 r-xp 00000000 fd:00 538372                             /usr/local/jdk1.7.0_80/bin/java
00600000-00601000 rw-p 00000000 fd:00 538372                             /usr/local/jdk1.7.0_80/bin/java
00d3b000-00d5c000 rw-p 00000000 00:00 0                                  [heap]
bf200000-c05e0000 rw-p 00000000 00:00 0 
c05e0000-d30a0000 rw-p 00000000 00:00 0 
d30a0000-d5870000 rw-p 00000000 00:00 0 
d5870000-fae00000 rw-p 00000000 00:00 0 
fae00000-fc2c0000 rw-p 00000000 00:00 0 
fc2c0000-100000000 rw-p 00000000 00:00 0 
37d6000000-37d6020000 r-xp 00000000 fd:00 134954                         /lib64/ld-2.12.so
37d621f000-37d6220000 r--p 0001f000 fd:00 134954                         /lib64/ld-2.12.so
37d6220000-37d6221000 rw-p 00020000 fd:00 134954                         /lib64/ld-2.12.so
37d6221000-37d6222000 rw-p 00000000 00:00 0 
37d6400000-37d6402000 r-xp 00000000 fd:00 134956                         /lib64/libdl-2.12.so
37d6402000-37d6602000 ---p 00002000 fd:00 134956                         /lib64/libdl-2.12.so
37d6602000-37d6603000 r--p 00002000 fd:00 134956                         /lib64/libdl-2.12.so
37d6603000-37d6604000 rw-p 00003000 fd:00 134956                         /lib64/libdl-2.12.so
37d6800000-37d698a000 r-xp 00000000 fd:00 134955                         /lib64/libc-2.12.so
37d698a000-37d6b8a000 ---p 0018a000 fd:00 134955                         /lib64/libc-2.12.so
37d6b8a000-37d6b8e000 r--p 0018a000 fd:00 134955                         /lib64/libc-2.12.so
37d6b8e000-37d6b8f000 rw-p 0018e000 fd:00 134955                         /lib64/libc-2.12.so
37d6b8f000-37d6b94000 rw-p 00000000 00:00 0 
37d6c00000-37d6c17000 r-xp 00000000 fd:00 134957                         /lib64/libpthread-2.12.so
37d6c17000-37d6e17000 ---p 00017000 fd:00 134957                         /lib64/libpthread-2.12.so
37d6e17000-37d6e18000 r--p 00017000 fd:00 134957                         /lib64/libpthread-2.12.so
37d6e18000-37d6e19000 rw-p 00018000 fd:00 134957                         /lib64/libpthread-2.12.so
37d6e19000-37d6e1d000 rw-p 00000000 00:00 0 
37d7000000-37d7007000 r-xp 00000000 fd:00 134958                         /lib64/librt-2.12.so
37d7007000-37d7206000 ---p 00007000 fd:00 134958                         /lib64/librt-2.12.so
37d7206000-37d7207000 r--p 00006000 fd:00 134958                         /lib64/librt-2.12.so
37d7207000-37d7208000 rw-p 00007000 fd:00 134958                         /lib64/librt-2.12.so
37d7400000-37d7483000 r-xp 00000000 fd:00 134978                         /lib64/libm-2.12.so
37d7483000-37d7682000 ---p 00083000 fd:00 134978                         /lib64/libm-2.12.so
37d7682000-37d7683000 r--p 00082000 fd:00 134978                         /lib64/libm-2.12.so
37d7683000-37d7684000 rw-p 00083000 fd:00 134978                         /lib64/libm-2.12.so
7fe430000000-7fe43007a000 rw-p 00000000 00:00 0 
7fe43007a000-7fe434000000 ---p 00000000 00:00 0 
7fe438000000-7fe438a4a000 rw-p 00000000 00:00 0 
7fe438a4a000-7fe43c000000 ---p 00000000 00:00 0 
7fe43c000000-7fe43c4b1000 rw-p 00000000 00:00 0 
7fe43c4b1000-7fe440000000 ---p 00000000 00:00 0 
7fe440000000-7fe440021000 rw-p 00000000 00:00 0 
7fe440021000-7fe444000000 ---p 00000000 00:00 0 
7fe44616f000-7fe44c000000 r--p 00000000 fd:00 395034                     /usr/lib/locale/locale-archive
7fe44c000000-7fe44c021000 rw-p 00000000 00:00 0 
7fe44c021000-7fe450000000 ---p 00000000 00:00 0 
7fe450000000-7fe450021000 rw-p 00000000 00:00 0 
7fe450021000-7fe454000000 ---p 00000000 00:00 0 
7fe454000000-7fe4540e9000 rw-p 00000000 00:00 0 
7fe4540e9000-7fe458000000 ---p 00000000 00:00 0 
7fe459000000-7fe459270000 rwxp 00000000 00:00 0 
7fe459270000-7fe45c0f6000 rw-p 00000000 00:00 0 
7fe45c0f6000-7fe460000000 ---p 00000000 00:00 0 
7fe460cbc000-7fe460e29000 rw-p 00000000 00:00 0 
7fe460e29000-7fe460e2c000 ---p 00000000 00:00 0 
7fe460e2c000-7fe460f2a000 rw-p 00000000 00:00 0 
7fe460f2a000-7fe460f3a000 r-xp 00000000 fd:00 537741                     /usr/local/jdk1.7.0_80/jre/lib/amd64/libnio.so
7fe460f3a000-7fe46113a000 ---p 00010000 fd:00 537741                     /usr/local/jdk1.7.0_80/jre/lib/amd64/libnio.so
7fe46113a000-7fe46113b000 rw-p 00010000 fd:00 537741                     /usr/local/jdk1.7.0_80/jre/lib/amd64/libnio.so
7fe46113b000-7fe461152000 r-xp 00000000 fd:00 537775                     /usr/local/jdk1.7.0_80/jre/lib/amd64/libnet.so
7fe461152000-7fe461351000 ---p 00017000 fd:00 537775                     /usr/local/jdk1.7.0_80/jre/lib/amd64/libnet.so
7fe461351000-7fe461352000 rw-p 00016000 fd:00 537775                     /usr/local/jdk1.7.0_80/jre/lib/amd64/libnet.so
7fe461352000-7fe461355000 ---p 00000000 00:00 0 
7fe461355000-7fe461453000 rw-p 00000000 00:00 0 
7fe461453000-7fe461456000 ---p 00000000 00:00 0 
7fe461456000-7fe461554000 rw-p 00000000 00:00 0 
7fe461554000-7fe461557000 ---p 00000000 00:00 0 
7fe461557000-7fe461655000 rw-p 00000000 00:00 0 
7fe461655000-7fe461658000 ---p 00000000 00:00 0 
7fe461658000-7fe461756000 rw-p 00000000 00:00 0 
7fe461756000-7fe461759000 ---p 00000000 00:00 0 
7fe461759000-7fe461857000 rw-p 00000000 00:00 0 
7fe461857000-7fe461858000 ---p 00000000 00:00 0 
7fe461858000-7fe461958000 rw-p 00000000 00:00 0 
7fe461958000-7fe46195b000 ---p 00000000 00:00 0 
7fe46195b000-7fe461a59000 rw-p 00000000 00:00 0 
7fe461a59000-7fe461a5c000 ---p 00000000 00:00 0 
7fe461a5c000-7fe461b5a000 rw-p 00000000 00:00 0 
7fe461b5a000-7fe461b5d000 ---p 00000000 00:00 0 
7fe461b5d000-7fe461c5b000 rw-p 00000000 00:00 0 
7fe461c5b000-7fe461c5e000 ---p 00000000 00:00 0 
7fe461c5e000-7fe461d5c000 rw-p 00000000 00:00 0 
7fe461d5c000-7fe461d5f000 ---p 00000000 00:00 0 
7fe461d5f000-7fe461e5d000 rw-p 00000000 00:00 0 
7fe461e5d000-7fe461e60000 ---p 00000000 00:00 0 
7fe461e60000-7fe461f5e000 rw-p 00000000 00:00 0 
7fe461f5e000-7fe461f5f000 ---p 00000000 00:00 0 
7fe461f5f000-7fe4620aa000 rw-p 00000000 00:00 0 
7fe4620aa000-7fe46226a000 r--s 039fb000 fd:00 538314                     /usr/local/jdk1.7.0_80/jre/lib/rt.jar
7fe46226a000-7fe46236e000 rw-p 00000000 00:00 0 
7fe46236e000-7fe46238d000 rw-p 00000000 00:00 0 
7fe46238d000-7fe4623a1000 rw-p 00000000 00:00 0 
7fe4623a1000-7fe4624cc000 rw-p 00000000 00:00 0 
7fe4624cc000-7fe4624d6000 rw-p 00000000 00:00 0 
7fe4624d6000-7fe46256b000 rw-p 00000000 00:00 0 
7fe46256b000-7fe462580000 rw-p 00000000 00:00 0 
7fe462580000-7fe4626aa000 rw-p 00000000 00:00 0 
7fe4626aa000-7fe4626b5000 rw-p 00000000 00:00 0 
7fe4626b5000-7fe4626d3000 rw-p 00000000 00:00 0 
7fe4626d3000-7fe4626de000 rw-p 00000000 00:00 0 
7fe4626de000-7fe462794000 rw-p 00000000 00:00 0 
7fe462794000-7fe4627ab000 r-xp 00000000 fd:00 537770                     /usr/local/jdk1.7.0_80/jre/lib/amd64/libzip.so
7fe4627ab000-7fe4629ab000 ---p 00017000 fd:00 537770                     /usr/local/jdk1.7.0_80/jre/lib/amd64/libzip.so
7fe4629ab000-7fe4629ac000 rw-p 00017000 fd:00 537770                     /usr/local/jdk1.7.0_80/jre/lib/amd64/libzip.so
7fe4629ac000-7fe4629b8000 r-xp 00000000 fd:00 130852                     /lib64/libnss_files-2.12.so
7fe4629b8000-7fe462bb8000 ---p 0000c000 fd:00 130852                     /lib64/libnss_files-2.12.so
7fe462bb8000-7fe462bb9000 r--p 0000c000 fd:00 130852                     /lib64/libnss_files-2.12.so
7fe462bb9000-7fe462bba000 rw-p 0000d000 fd:00 130852                     /lib64/libnss_files-2.12.so
7fe462bcb000-7fe462bf4000 r-xp 00000000 fd:00 537736                     /usr/local/jdk1.7.0_80/jre/lib/amd64/libjava.so
7fe462bf4000-7fe462df4000 ---p 00029000 fd:00 537736                     /usr/local/jdk1.7.0_80/jre/lib/amd64/libjava.so
7fe462df4000-7fe462df6000 rw-p 00029000 fd:00 537736                     /usr/local/jdk1.7.0_80/jre/lib/amd64/libjava.so
7fe462df6000-7fe462e03000 r-xp 00000000 fd:00 537763                     /usr/local/jdk1.7.0_80/jre/lib/amd64/libverify.so
7fe462e03000-7fe463002000 ---p 0000d000 fd:00 537763                     /usr/local/jdk1.7.0_80/jre/lib/amd64/libverify.so
7fe463002000-7fe463004000 rw-p 0000c000 fd:00 537763                     /usr/local/jdk1.7.0_80/jre/lib/amd64/libverify.so
7fe463004000-7fe463007000 ---p 00000000 00:00 0 
7fe463007000-7fe463105000 rw-p 00000000 00:00 0 
7fe463105000-7fe463c7b000 r-xp 00000000 fd:00 537790                     /usr/local/jdk1.7.0_80/jre/lib/amd64/server/libjvm.so
7fe463c7b000-7fe463e7a000 ---p 00b76000 fd:00 537790                     /usr/local/jdk1.7.0_80/jre/lib/amd64/server/libjvm.so
7fe463e7a000-7fe463f3e000 rw-p 00b75000 fd:00 537790                     /usr/local/jdk1.7.0_80/jre/lib/amd64/server/libjvm.so
7fe463f3e000-7fe463f82000 rw-p 00000000 00:00 0 
7fe463f82000-7fe463f97000 r-xp 00000000 fd:00 538342                     /usr/local/jdk1.7.0_80/lib/amd64/jli/libjli.so
7fe463f97000-7fe464196000 ---p 00015000 fd:00 538342                     /usr/local/jdk1.7.0_80/lib/amd64/jli/libjli.so
7fe464196000-7fe464197000 rw-p 00014000 fd:00 538342                     /usr/local/jdk1.7.0_80/lib/amd64/jli/libjli.so
7fe464197000-7fe464198000 rw-p 00000000 00:00 0 
7fe46419e000-7fe46419f000 rw-p 00000000 00:00 0 
7fe46419f000-7fe4641a7000 rw-s 00000000 fd:00 421556                     /tmp/hsperfdata_root/6043
7fe4641a7000-7fe4641a8000 rw-p 00000000 00:00 0 
7fe4641a8000-7fe4641a9000 ---p 00000000 00:00 0 
7fe4641a9000-7fe4641aa000 rw-p 00000000 00:00 0 
7ffe30db8000-7ffe30dcd000 rw-p 00000000 00:00 0                          [stack]
7ffe30de5000-7ffe30de6000 r-xp 00000000 00:00 0                          [vdso]
ffffffffff600000-ffffffffff601000 r-xp 00000000 00:00 0                  [vsyscall]

VM Arguments:
jvm_args: -Dfile.encoding=UTF-8 
java_command: ordersystem.Test
Launcher Type: SUN_STANDARD

Environment Variables:
JAVA_HOME=/usr/local/jdk1.7.0_80
JRE_HOME=/usr/local/jdk1.7.0_80/jre
CLASSPATH=.:/usr/local/jdk1.7.0_80/lib:/usr/local/jdk1.7.0_80/jre/lib:/usr/local/zookeeper-3.4.6/lib:
PATH=/usr/local/jdk1.7.0_80/bin:/usr/local/zookeeper-3.4.6/bin:/usr/local/jstorm-2.1.1/bin:/usr/lib64/qt-3.3/bin:/usr/local/sbin:/usr/sbin:/sbin:/usr/local/bin:/usr/bin:/bin:/root/bin
USERNAME=root
SHELL=/bin/bash
DISPLAY=:0.0

Signal Handlers:
SIGSEGV: [libjvm.so+0x9a3b20], sa_mask[0]=0x7ffbfeff, sa_flags=0x10000004
SIGBUS: [libjvm.so+0x9a3b20], sa_mask[0]=0x7ffbfeff, sa_flags=0x10000004
SIGFPE: [libjvm.so+0x81e740], sa_mask[0]=0x7ffbfeff, sa_flags=0x10000004
SIGPIPE: [libjvm.so+0x81e740], sa_mask[0]=0x7ffbfeff, sa_flags=0x10000004
SIGXFSZ: [libjvm.so+0x81e740], sa_mask[0]=0x7ffbfeff, sa_flags=0x10000004
SIGILL: [libjvm.so+0x81e740], sa_mask[0]=0x7ffbfeff, sa_flags=0x10000004
SIGUSR1: SIG_DFL, sa_mask[0]=0x00000000, sa_flags=0x00000000
SIGUSR2: [libjvm.so+0x81ffb0], sa_mask[0]=0x00000004, sa_flags=0x10000004
SIGHUP: [libjvm.so+0x8210d0], sa_mask[0]=0x7ffbfeff, sa_flags=0x10000004
SIGINT: [libjvm.so+0x8210d0], sa_mask[0]=0x7ffbfeff, sa_flags=0x10000004
SIGTERM: [libjvm.so+0x8210d0], sa_mask[0]=0x7ffbfeff, sa_flags=0x10000004
SIGQUIT: [libjvm.so+0x8210d0], sa_mask[0]=0x7ffbfeff, sa_flags=0x10000004


---------------  S Y S T E M  ---------------

OS:CentOS release 6.7 (Final)

uname:Linux 2.6.32-573.el6.x86_64 #1 SMP Thu Jul 23 15:44:03 UTC 2015 x86_64
libc:glibc 2.12 NPTL 2.12 
rlimit: STACK 10240k, CORE 0k, NPROC 15149, NOFILE 4096, AS infinity
load average:1.85 1.00 0.48

/proc/meminfo:
MemTotal:        3909156 kB
MemFree:         2117748 kB
Buffers:           49732 kB
Cached:           587452 kB
SwapCached:            0 kB
Active:          1143440 kB
Inactive:         445852 kB
Active(anon):     952172 kB
Inactive(anon):     4792 kB
Active(file):     191268 kB
Inactive(file):   441060 kB
Unevictable:           0 kB
Mlocked:               0 kB
SwapTotal:       2031612 kB
SwapFree:        2031612 kB
Dirty:             13504 kB
Writeback:             0 kB
AnonPages:        952116 kB
Mapped:           103884 kB
Shmem:              4876 kB
Slab:             112944 kB
SReclaimable:      44784 kB
SUnreclaim:        68160 kB
KernelStack:        5168 kB
PageTables:        33052 kB
NFS_Unstable:          0 kB
Bounce:                0 kB
WritebackTmp:          0 kB
CommitLimit:     3986188 kB
Committed_AS:    1650024 kB
VmallocTotal:   34359738367 kB
VmallocUsed:      167216 kB
VmallocChunk:   34359560236 kB
HardwareCorrupted:     0 kB
AnonHugePages:    727040 kB
HugePages_Total:       0
HugePages_Free:        0
HugePages_Rsvd:        0
HugePages_Surp:        0
Hugepagesize:       2048 kB
DirectMap4k:        8192 kB
DirectMap2M:     2088960 kB
DirectMap1G:     2097152 kB


CPU:total 1 (1 cores per cpu, 1 threads per core) family 6 model 60 stepping 3, cmov, cx8, fxsr, mmx, sse, sse2, sse3, ssse3, sse4.1, sse4.2, popcnt, avx, avx2, aes, erms, tsc, tscinvbit

/proc/cpuinfo:
processor	: 0
vendor_id	: GenuineIntel
cpu family	: 6
model		: 60
model name	: Intel(R) Core(TM) i7-4712MQ CPU @ 2.30GHz
stepping	: 3
microcode	: 30
cpu MHz		: 2301.000
cache size	: 6144 KB
physical id	: 0
siblings	: 1
core id		: 0
cpu cores	: 1
apicid		: 0
initial apicid	: 0
fpu		: yes
fpu_exception	: yes
cpuid level	: 13
wp		: yes
flags		: fpu vme de pse tsc msr pae mce cx8 apic sep mtrr pge mca cmov pat pse36 clflush dts mmx fxsr sse sse2 ss syscall nx pdpe1gb rdtscp lm constant_tsc up arch_perfmon pebs bts xtopology tsc_reliable nonstop_tsc aperfmperf unfair_spinlock pni pclmulqdq ssse3 fma cx16 pcid sse4_1 sse4_2 x2apic movbe popcnt tsc_deadline_timer aes xsave avx f16c rdrand hypervisor lahf_lm abm ida arat epb xsaveopt pln pts dts fsgsbase bmi1 avx2 smep bmi2 invpcid
bogomips	: 4602.00
clflush size	: 64
cache_alignment	: 64
address sizes	: 42 bits physical, 48 bits virtual
power management:



Memory: 4k page, physical 3909156k(2117748k free), swap 2031612k(2031612k free)

vm_info: Java HotSpot(TM) 64-Bit Server VM (24.80-b11) for linux-amd64 JRE (1.7.0_80-b15), built on Apr 10 2015 19:53:14 by "java_re" with gcc 4.3.0 20080428 (Red Hat 4.3.0-8)

time: Tue Aug  2 05:02:21 2016
elapsed time: 2 seconds

